2023-06-18 21:36:53.727 [info] Log level: Info
2023-06-18 21:36:53.727 [info] Validating found git in: "git"
2023-06-18 21:36:53.727 [info] Using git "2.41.0" from "git"
2023-06-18 21:36:53.727 [info] > git rev-parse --show-toplevel [16ms]
2023-06-18 21:36:53.727 [info] > git rev-parse --git-dir --git-common-dir [5ms]
2023-06-18 21:36:53.727 [info] Open repository: /home/vin/projects/imageEdit
2023-06-18 21:36:53.727 [info] > git rev-parse --show-toplevel [16ms]
2023-06-18 21:36:53.727 [info] > git rev-parse --show-toplevel [13ms]
2023-06-18 21:36:53.727 [info] > git config --get commit.template [32ms]
2023-06-18 21:36:53.727 [info] > git rev-parse --show-toplevel [4ms]
2023-06-18 21:36:53.727 [info] > git rev-parse --show-toplevel [12ms]
2023-06-18 21:36:53.727 [info] > git for-each-ref --format=%(refname)%00%(upstream:short)%00%(objectname)%00%(upstream:track)%00%(upstream:remotename)%00%(upstream:remoteref) refs/heads/master refs/remotes/master [13ms]
2023-06-18 21:36:53.727 [info] > git status -z -uall [5ms]
2023-06-18 21:36:53.727 [info] > git rev-parse --show-toplevel [17ms]
2023-06-18 21:36:53.727 [info] > git rev-parse --show-toplevel [21ms]
2023-06-18 21:36:53.727 [info] > git config --get commit.template [23ms]
2023-06-18 21:36:53.727 [info] > git for-each-ref --format=%(refname)%00%(upstream:short)%00%(objectname)%00%(upstream:track)%00%(upstream:remotename)%00%(upstream:remoteref) refs/heads/master refs/remotes/master [2ms]
2023-06-18 21:36:53.727 [info] > git status -z -uall [4ms]
2023-06-18 21:36:54.071 [info] > git check-ignore -v -z --stdin [3ms]
2023-06-18 21:36:54.215 [info] > git show --textconv :pages/_document.js [9ms]
2023-06-18 21:36:54.217 [info] > git ls-files --stage -- /home/vin/projects/imageEdit/pages/_document.js [2ms]
2023-06-18 21:36:54.223 [info] > git cat-file -s 54e8bf3e2a29015a45e11cdc279e06b459890d8b [1ms]
2023-06-18 21:38:49.693 [info] > git show --textconv :package.json [7ms]
2023-06-18 21:38:49.695 [info] > git ls-files --stage -- /home/vin/projects/imageEdit/package.json [2ms]
2023-06-18 21:38:49.711 [info] > git cat-file -s b1568c565aacd11944f25adddea7d38863e5a4fd [11ms]
2023-06-18 21:39:26.846 [info] > git check-ignore -v -z --stdin [6ms]
2023-06-18 21:39:26.854 [info] > git config --get commit.template [1ms]
2023-06-18 21:39:26.860 [info] > git for-each-ref --format=%(refname)%00%(upstream:short)%00%(objectname)%00%(upstream:track)%00%(upstream:remotename)%00%(upstream:remoteref) refs/heads/master refs/remotes/master [1ms]
2023-06-18 21:39:26.868 [info] > git status -z -uall [3ms]
2023-06-18 21:39:42.627 [info] > git config --get commit.template [10ms]
2023-06-18 21:39:42.628 [info] > git for-each-ref --format=%(refname)%00%(upstream:short)%00%(objectname)%00%(upstream:track)%00%(upstream:remotename)%00%(upstream:remoteref) refs/heads/master refs/remotes/master [2ms]
2023-06-18 21:39:42.637 [info] > git status -z -uall [3ms]
2023-06-18 21:40:18.813 [info] > git check-ignore -v -z --stdin [3ms]
2023-06-18 21:40:23.354 [info] > git config --get commit.template [11ms]
2023-06-18 21:40:23.355 [info] > git for-each-ref --format=%(refname)%00%(upstream:short)%00%(objectname)%00%(upstream:track)%00%(upstream:remotename)%00%(upstream:remoteref) refs/heads/master refs/remotes/master [3ms]
2023-06-18 21:40:23.367 [info] > git status -z -uall [4ms]
2023-06-18 21:41:09.635 [info] > git config --get commit.template [12ms]
2023-06-18 21:41:09.636 [info] > git for-each-ref --format=%(refname)%00%(upstream:short)%00%(objectname)%00%(upstream:track)%00%(upstream:remotename)%00%(upstream:remoteref) refs/heads/master refs/remotes/master [5ms]
2023-06-18 21:41:09.648 [info] > git status -z -uall [6ms]
2023-06-18 21:41:14.665 [info] > git config --get commit.template [0ms]
2023-06-18 21:41:14.671 [info] > git for-each-ref --format=%(refname)%00%(upstream:short)%00%(objectname)%00%(upstream:track)%00%(upstream:remotename)%00%(upstream:remoteref) refs/heads/master refs/remotes/master [0ms]
2023-06-18 21:41:14.677 [info] > git status -z -uall [1ms]
2023-06-18 21:41:39.053 [info] > git for-each-ref --format=%(refname)%00%(upstream:short)%00%(objectname)%00%(upstream:track)%00%(upstream:remotename)%00%(upstream:remoteref) refs/heads/master refs/remotes/master [2ms]
2023-06-18 21:41:39.053 [info] > git config --get commit.template [8ms]
2023-06-18 21:41:39.060 [info] > git status -z -uall [2ms]
2023-06-18 21:41:44.095 [info] > git config --get commit.template [2ms]
2023-06-18 21:41:44.104 [info] > git for-each-ref --format=%(refname)%00%(upstream:short)%00%(objectname)%00%(upstream:track)%00%(upstream:remotename)%00%(upstream:remoteref) refs/heads/master refs/remotes/master [2ms]
2023-06-18 21:41:44.113 [info] > git status -z -uall [2ms]
2023-06-18 21:42:07.417 [info] > git show --textconv :pages/_document.js [19ms]
2023-06-18 21:42:07.420 [info] > git ls-files --stage -- /home/vin/projects/imageEdit/pages/_document.js [3ms]
2023-06-18 21:42:07.440 [info] > git cat-file -s 54e8bf3e2a29015a45e11cdc279e06b459890d8b [2ms]
2023-06-18 21:42:08.046 [info] > git show --textconv :pages/index.tsx [30ms]
2023-06-18 21:42:08.048 [info] > git ls-files --stage -- /home/vin/projects/imageEdit/pages/index.tsx [3ms]
2023-06-18 21:42:08.070 [info] > git cat-file -s b743f8cab68ffe6475d6f0e0aaf31feba3855915 [2ms]
2023-06-18 21:45:33.568 [info] > git config --get commit.template [1ms]
2023-06-18 21:45:33.581 [info] > git for-each-ref --format=%(refname)%00%(upstream:short)%00%(objectname)%00%(upstream:track)%00%(upstream:remotename)%00%(upstream:remoteref) refs/heads/master refs/remotes/master [1ms]
2023-06-18 21:45:33.592 [info] > git status -z -uall [2ms]
2023-06-18 21:45:38.608 [info] > git config --get commit.template [1ms]
2023-06-18 21:45:38.619 [info] > git for-each-ref --format=%(refname)%00%(upstream:short)%00%(objectname)%00%(upstream:track)%00%(upstream:remotename)%00%(upstream:remoteref) refs/heads/master refs/remotes/master [2ms]
2023-06-18 21:45:38.627 [info] > git status -z -uall [1ms]
2023-06-18 21:46:42.187 [info] > git config --get commit.template [2ms]
2023-06-18 21:46:42.199 [info] > git for-each-ref --format=%(refname)%00%(upstream:short)%00%(objectname)%00%(upstream:track)%00%(upstream:remotename)%00%(upstream:remoteref) refs/heads/master refs/remotes/master [1ms]
2023-06-18 21:46:42.210 [info] > git status -z -uall [2ms]
