Handbrake Version: 1.6.1 (2023021700)
[20:34:36] gtkgui: Modified Preset: /General/Fast 1080p30
[20:34:36] Starting work at: Fri Jun 16 20:34:36 2023

[20:34:36] 1 job(s) to process
[20:34:36] json job:
{
    "Audio": {
        "AudioList": [
            {
                "Bitrate": 160,
                "CompressionLevel": -1.0,
                "DRC": 0.0,
                "DitherMethod": "auto",
                "Encoder": "av_aac",
                "Gain": 0.0,
                "Mixdown": "stereo",
                "NormalizeMixLevel": false,
                "PresetEncoder": "av_aac",
                "Quality": -3.0,
                "Samplerate": 0,
                "Track": 0
            }
        ],
        "CopyMask": [
            "copy:aac"
        ],
        "FallbackEncoder": "av_aac"
    },
    "Destination": {
        "AlignAVStart": true,
        "ChapterList": [
            {
                "Duration": {
                    "Hours": 0,
                    "Minutes": 0,
                    "Seconds": 8,
                    "Ticks": 762000
                },
                "Name": ""
            }
        ],
        "ChapterMarkers": false,
        "File": "/home/vin/Videos/Arch_exp.mp4",
        "InlineParameterSets": false,
        "Mp4Options": {
            "IpodAtom": false,
            "Mp4Optimize": false
        },
        "Mux": "m4v"
    },
    "Filters": {
        "FilterList": [
            {
                "ID": 3,
                "Settings": {
                    "block-height": "16",
                    "block-thresh": "40",
                    "block-width": "16",
                    "filter-mode": "2",
                    "mode": "3",
                    "motion-thresh": "1",
                    "spatial-metric": "2",
                    "spatial-thresh": "1"
                }
            },
            {
                "ID": 4,
                "Settings": {
                    "mode": "7"
                }
            },
            {
                "ID": 7,
                "Settings": {
                    "mode": 2,
                    "rate": "27000000/900000"
                }
            },
            {
                "ID": 14,
                "Settings": {
                    "crop-bottom": 0,
                    "crop-left": 0,
                    "crop-right": 0,
                    "crop-top": 188,
                    "height": 892,
                    "width": 1920
                }
            }
        ]
    },
    "Metadata": {
        "Name": "Arch_exp"
    },
    "PAR": {
        "Den": 1,
        "Num": 1
    },
    "SequenceID": 0,
    "Source": {
        "Angle": 0,
        "Path": "/home/vin/Resolve_Media/Arch_exp/Arch_exp.mov",
        "Range": {
            "End": 1,
            "Start": 1,
            "Type": "chapter"
        },
        "Title": 1
    },
    "Subtitle": {
        "Search": {
            "Burn": true,
            "Default": false,
            "Enable": false,
            "Forced": false
        },
        "SubtitleList": []
    },
    "Video": {
        "ChromaLocation": 0,
        "ColorInputFormat": 0,
        "ColorMatrix": 1,
        "ColorOutputFormat": 0,
        "ColorPrimaries": 1,
        "ColorRange": 1,
        "ColorTransfer": 1,
        "Encoder": "x264",
        "HardwareDecode": 0,
        "Level": "4.0",
        "Options": "",
        "Preset": "fast",
        "Profile": "main",
        "QSV": {
            "AdapterIndex": 0,
            "AsyncDepth": 0,
            "Decode": false
        },
        "Quality": 22.0,
        "Tune": "",
        "Turbo": false,
        "TwoPass": false
    }
}
[20:34:36] CPU: AMD Ryzen 5 5500U with Radeon Graphics         
[20:34:36]  - logical processor count: 12
[20:34:36] Intel Quick Sync Video support: no
[20:34:36] hb_scan: path=/home/vin/Resolve_Media/Arch_exp/Arch_exp.mov, title_index=1
udfread ERROR: ECMA 167 Volume Recognition failed
disc.c:333: failed opening UDF image /home/vin/Resolve_Media/Arch_exp/Arch_exp.mov
disc.c:437: error opening file BDMV/index.bdmv
disc.c:437: error opening file BDMV/BACKUP/index.bdmv
[20:34:36] bd: not a bd - trying as a stream/file instead
libdvdread: DVDOpenFileUDF:UDFFindFile /VIDEO_TS/VIDEO_TS.IFO failed
libdvdnav: vm: vm: failed to read VIDEO_TS.IFO
[20:34:36] dvd: not a dvd - trying as a stream/file instead
Input #0, mov,mp4,m4a,3gp,3g2,mj2, from '/home/vin/Resolve_Media/Arch_exp/Arch_exp.mov':
  Metadata:
    major_brand     : qt  
    minor_version   : 512
    compatible_brands: qt  
    creation_time   : 2023-06-16T14:56:31.000000Z
    encoder         : Blackmagic Design DaVinci Resolve
  Duration: 00:00:08.47, start: 0.000000, bitrate: 221739 kb/s
  Stream #0:0[0x1]: Video: dnxhd (DNXHD) (AVdn / 0x6E645641), yuv422p10le(tv, bt709), 1920x1080, 220200 kb/s, SAR 1:1 DAR 16:9, 30 fps, 30 tbr, 15360 tbn (default)
    Metadata:
      creation_time   : 2023-06-16T14:56:31.000000Z
      handler_name    : VideoHandler
      vendor_id       :     
      encoder         : DNxHD 1080p 220/185/175 10-bit
      timecode        : 01:00:00:00
  Stream #0:1[0x2]: Audio: pcm_s16le (lpcm / 0x6D63706C), 48000 Hz, stereo, s16, 1536 kb/s (default)
    Metadata:
      creation_time   : 2023-06-16T14:56:31.000000Z
      handler_name    : SoundHandler
      vendor_id       : [0][0][0][0]
  Stream #0:2[0x3](eng): Data: none (tmcd / 0x64636D74), 0 kb/s
    Metadata:
      creation_time   : 2023-06-16T14:56:31.000000Z
      handler_name    : TimeCodeHandler
      timecode        : 01:00:00:00
[20:34:36] scan: decoding previews for title 1
[20:34:36] scan: audio 0x1: pcm_s16le, rate=48000Hz, bitrate=1536000 Unknown (pcm_s16le) (2.0 ch) (1536 kbps)
[20:34:36] scan: 10 previews, 1920x1080, 30.000 fps, autocrop = 188/0/0/0, aspect 16:9, PAR 1:1, color profile: 1-1-1, chroma location: unspecified
[20:34:36] libhb: scan thread found 1 valid title(s)
[20:34:36] Starting Task: Encoding Pass
[20:34:36] job configuration:
[20:34:36]  * source
[20:34:36]    + /home/vin/Resolve_Media/Arch_exp/Arch_exp.mov
[20:34:36]    + title 1, chapter(s) 1 to 1
[20:34:36]    + container: mov,mp4,m4a,3gp,3g2,mj2
[20:34:36]    + data rate: 221739 kbps
[20:34:36]  * destination
[20:34:36]    + /home/vin/Videos/Arch_exp.mp4
[20:34:36]    + container: MPEG-4 (libavformat)
[20:34:36]      + align initial A/V stream timestamps
[20:34:36]  * video track
[20:34:36]    + decoder: dnxhd 10-bit (yuv422p10le)
[20:34:36]      + bitrate 220200 kbps
[20:34:36]    + filters
[20:34:36]      + Comb Detect (mode=3:spatial-metric=2:motion-thresh=1:spatial-thresh=1:filter-mode=2:block-thresh=40:block-width=16:block-height=16)
[20:34:36]      + Decomb (mode=39)
[20:34:36]      + Framerate Shaper (mode=2:rate=27000000/900000)
[20:34:36]        + frame rate: 30.000 fps -> peak rate limited to 30.000 fps
[20:34:36]      + Crop and Scale (width=1920:height=892:crop-top=188:crop-bottom=0:crop-left=0:crop-right=0)
[20:34:36]        + source: 1920 * 1080, crop (188/0/0/0): 1920 * 892, scale: 1920 * 892
[20:34:36]      + Format (format=yuv420p)
[20:34:36]    + Output geometry
[20:34:36]      + storage dimensions: 1920 x 892
[20:34:36]      + pixel aspect ratio: 1 : 1
[20:34:36]      + display dimensions: 1920 x 892
[20:34:36]    + encoder: H.264 (libx264)
[20:34:36]      + preset:  fast
[20:34:36]      + profile: main
[20:34:36]      + level:   4.0
[20:34:36]      + quality: 22.00 (RF)
[20:34:36]      + color profile: 1-1-1
[20:34:36]      + chroma location: unspecified
[20:34:36]  * audio track 1
[20:34:36]    + decoder: Unknown (pcm_s16le) (2.0 ch) (1536 kbps) (track 1, id 0x1)
[20:34:36]      + bitrate: 1536 kbps, samplerate: 48000 Hz
[20:34:36]    + mixdown: Stereo
[20:34:36]    + encoder: AAC (libavcodec)
[20:34:36]      + bitrate: 160 kbps, samplerate: 48000 Hz
[20:34:36] sync: expecting 254 video frames
[20:34:36] encx264: min-keyint: 30, keyint: 300
[20:34:36] encx264: encoding at constant RF 22.000000
[20:34:36] encx264: unparsed options: level=4.0:ref=2:8x8dct=0:weightp=1:subme=6:vbv-bufsize=25000:vbv-maxrate=20000:rc-lookahead=30
x264 [info]: using SAR=1/1
x264 [info]: using cpu capabilities: MMX2 SSE2Fast SSSE3 SSE4.2 AVX FMA3 BMI2 AVX2
x264 [info]: profile Main, level 4.0, 4:2:0, 8-bit
[20:34:36] sync: first pts video is 0
[20:34:36] sync: Chapter 1 at frame 1 time 0
[20:34:36] sync: first pts audio 0x1 is 0
[20:34:38] reader: done. 1 scr changes
[20:34:41] work: average encoding speed for job is 0.000000 fps
[20:34:41] comb detect: heavy 0 | light 0 | uncombed 254 | total 254
[20:34:41] decomb: deinterlaced 0 | blended 0 | unfiltered 254 | total 254
[20:34:41] vfr: 254 frames output, 0 dropped and 0 duped for CFR/PFR
[20:34:41] vfr: lost time: 0 (0 frames)
[20:34:41] vfr: gained time: 0 (0 frames) (0 not accounted for)
[20:34:41] pcm_s16le-decoder done: 406 frames, 0 decoder errors
[20:34:41] dnxhd-decoder done: 254 frames, 0 decoder errors
[20:34:41] sync: got 254 frames, 254 expected
[20:34:41] sync: framerate min 30.000 fps, max 30.000 fps, avg 30.000 fps
x264 [info]: frame I:2     Avg QP:15.38  size: 53454
x264 [info]: frame P:97    Avg QP:21.50  size: 20771
x264 [info]: frame B:155   Avg QP:23.17  size: 15446
x264 [info]: consecutive B-frames:  6.7% 21.3% 43.7% 28.3%
x264 [info]: mb I  I16..4: 71.2%  0.0% 28.8%
x264 [info]: mb P  I16..4: 22.4%  0.0% 13.7%  P16..4: 12.7%  3.2%  1.0%  0.0%  0.0%    skip:47.0%
x264 [info]: mb B  I16..4: 11.3%  0.0%  4.2%  B16..8: 13.5%  7.2%  0.3%  direct: 6.1%  skip:57.5%  L0:47.1% L1:49.5% BI: 3.4%
x264 [info]: coded y,uvDC,uvAC intra: 28.3% 75.5% 34.2% inter: 5.9% 21.3% 0.5%
x264 [info]: i16 v,h,dc,p: 49% 19%  8% 23%
x264 [info]: i4 v,h,dc,ddl,ddr,vr,hd,vl,hu: 36% 16% 20%  5%  6%  6%  4%  5%  2%
x264 [info]: i8c dc,h,v,p: 35% 17% 29% 19%
x264 [info]: Weighted P-Frames: Y:2.1% UV:1.0%
x264 [info]: ref P L0: 62.3% 37.7%
x264 [info]: ref B L0: 80.6% 19.4%
x264 [info]: ref B L1: 99.0%  1.0%
x264 [info]: kb/s:4266.93
[20:34:41] mux: track 0, 254 frames, 4515752 bytes, 4250.12 kbps, fifo 256
[20:34:41] mux: track 1, 397 frames, 112976 bytes, 106.33 kbps, fifo 512
[20:34:41] Finished work at: Fri Jun 16 20:34:41 2023

[20:34:41] libhb: work result = 0
