[4283][1689053875903][main][info]["Booting Postman 10.15.0, linux-6.4.1-zen2-1-zen on x64"]
[4283][1689053875906][main][info]["EventBus~initialize - Success"]
[4283][1689053875908][main][info]["Proxy configuration has not been setup"]
[4283][1689053875909][main][info]["CloudProxyManager~init - Success"]
[4283][1689053875916][main][info]["performShellDataMigration: Starting shell data migration"]
[4283][1689053875916][main][info]["migrateShellData:Starting"]
[4283][1689053875932][main][info]["migrateShellData: Old storage cleaned up"]
[4283][1689053876148][main][info]["migrateShellData: Got data from shell. Writing to storage"]
[4283][1689053876154][main][info]["performShellDataMigration: Migration successful on try count 1"]
[4283][1689053876161][main][info]["UpdateHandler~init - Success"]
[4283][1689053876163][main][info]["LeaderSelection: Initialized successfully"]
[4283][1689053876164][main][info]["VersionDependencyService: Initialized successfully"]
[4283][1689053876174][main][info]["Generated root certificate for linux"]
[4283][1689053876178][main][info]["LinuxAutoUpdater~Cleanup - Initial cleanup successful"]
[4283][1689053876188][main][info]["GPU detected VID 4098 DID 5708 ACTIVE true"]
[4283][1689053876217][main][info]["shellController~init: Success"]
[4283][1689053876241][main][info]["shellMeta~init: Success"]
[4283][1689053876241][main][info]["partitionMigrationService: State of V7 partition:"]
[4283][1689053876242][main][info]["partitionMigrationService: V7 partitions",[]]
[4283][1689053876242][main][info]["partitionMigrationService~rectifyNamespaceOfScratchPadPartition: There is no partition with scratchpad namespace"]
[4283][1689053876242][main][info]["partitionMigrationService~rectifyNamespaceOfScratchPadPartition: There is no transit partition which could have been used for scratchpad"]
[4283][1689053876242][main][info]["partitionMigrationService~init: Success"]
[4283][1689053876248][main][info]["partitionMigrationService~runV8PartitionsIntegrity: Two way migration~ removing the following partitions from v8",[]]
[4283][1689053876257][main][info]["userPartitionService~_rectifyTheActivePartitionOfApplication: Setting the active partition to ",null]
[4283][1689053876264][main][info]["userPartitionService~init: Success"]
[4283][1689053876275][main][info]["userPartitionService: State of v8 partition system:"]
[4283][1689053876279][main][info]["shell~init~getPartitionToLoad: loading scratchpad partition"]
[4283][1689053876280][main][info]["userPartitionService: List of partitions:",[]]
[4283][1689053876280][main][info]["userPartitionService: users global meta:",{}]
[4283][1689053878462][main][info]["RuntimeIPCAgent~started: Success"]
[4283][1689053878852][main][info]["UpdateHandler~app-update-events - Received event",{"name":"checkForElectronVersionUpdated","namespace":"appUpdate"}]
[4283][1689053878862][main][info]["windowManager: First requester booted successfully."]
[4283][1689053878862][main][info]["windowManager~restoreWindows: Restoring requester windows"]
[4283][1689053878863][main][info]["Main~AppEvents - Received booted event for process requester.Version undefined UI Version: undefined Desktop Platform Version: 10.15.0"]
[4283][1689053881867][main][info]["VersionDependencyService: Resetting UI version as user logged out/switched account"]
[4283][1689053881868][main][info]["Main - model-events~user - (users, add) received"]
[4283][1689053882245][main][warn]["AuthHandler~open: Current app is not default protocol client - Falling back to polling mechanism."]
[4283][1689053885812][main][info]["userPartitionService: State of v8 partition system:"]
[4283][1689053885817][main][info]["shell~init~getPartitionToLoad: loading scratchpad partition"]
[4283][1689053885825][main][info]["userPartitionService: List of partitions:",[{"partitionId":"24126871-87be-4e06-99ad-994af7910d02","namespace":"scratchPad","userId":0,"teamId":0,"isDirty":false}]]
[4283][1689053885825][main][info]["userPartitionService: users global meta:",{}]
[4283][1689053887413][main][info]["UpdateHandler~app-update-events - Received event",{"name":"checkForElectronVersionUpdated","namespace":"appUpdate"}]
[4283][1689053887422][main][info]["windowManager: First requester booted successfully."]
[4283][1689053887423][main][info]["windowManager~restoreWindows: Restoring requester windows"]
[4283][1689053887423][main][info]["Main~AppEvents - Received booted event for process requester.Version undefined UI Version: undefined Desktop Platform Version: 10.15.0"]
[4283][1689055647859][main][info]["Quitting app"]
[1544][1689058321471][main][info]["Booting Postman 10.15.0, linux-6.4.1-zen2-1-zen on x64"]
[1544][1689058321474][main][info]["EventBus~initialize - Success"]
[1544][1689058321477][main][info]["Proxy configuration has not been setup"]
[1544][1689058321478][main][info]["CloudProxyManager~init - Success"]
[1544][1689058321505][main][info]["performShellDataMigration: Migration has already been done. Bailing out"]
[1544][1689058321512][main][info]["UpdateHandler~init - Success"]
[1544][1689058321514][main][info]["LeaderSelection: Initialized successfully"]
[1544][1689058321515][main][info]["VersionDependencyService: Initialized successfully"]
[1544][1689058321522][main][info]["LinuxAutoUpdater~Cleanup - Initial cleanup successful"]
[1544][1689058321534][main][info]["GPU detected VID 4098 DID 5708 ACTIVE true"]
[1544][1689058321552][main][info]["shellController~init: Success"]
[1544][1689058321560][main][info]["shellMeta~init: Success"]
[1544][1689058321560][main][info]["partitionMigrationService: State of V7 partition:"]
[1544][1689058321561][main][info]["partitionMigrationService: V7 partitions",[]]
[1544][1689058321561][main][info]["partitionMigrationService~rectifyNamespaceOfScratchPadPartition: There is no partition with scratchpad namespace"]
[1544][1689058321561][main][info]["partitionMigrationService~rectifyNamespaceOfScratchPadPartition: There is no transit partition which could have been used for scratchpad"]
[1544][1689058321561][main][info]["partitionMigrationService~init: Success"]
[1544][1689058321570][main][info]["partitionMigrationService~runV8PartitionsIntegrity: Two way migration~ removing the following partitions from v8",[]]
[1544][1689058321575][main][info]["userPartitionService~_rectifyTheActivePartitionOfApplication: Setting the active partition to ",null]
[1544][1689058321583][main][info]["userPartitionService~init: Success"]
[1544][1689058321595][main][info]["userPartitionService: State of v8 partition system:"]
[1544][1689058321597][main][info]["shell~init~getPartitionToLoad: loading scratchpad partition"]
[1544][1689058321602][main][info]["userPartitionService: List of partitions:",[{"partitionId":"24126871-87be-4e06-99ad-994af7910d02","namespace":"scratchPad","userId":0,"teamId":0,"isDirty":false}]]
[1544][1689058321602][main][info]["userPartitionService: users global meta:",{}]
[1544][1689058323860][main][info]["RuntimeIPCAgent~started: Success"]
[1544][1689058324058][main][info]["UpdateHandler~app-update-events - Received event",{"name":"checkForElectronVersionUpdated","namespace":"appUpdate"}]
[1544][1689058324066][main][info]["windowManager: First requester booted successfully."]
[1544][1689058324066][main][info]["windowManager~restoreWindows: Restoring requester windows"]
[1544][1689058324067][main][info]["Main~AppEvents - Received booted event for process requester.Version undefined UI Version: undefined Desktop Platform Version: 10.15.0"]
[1544][1689061300981][main][info]["WindowManager~closeHandler - Closed Window (id: 1 )"]
[1544][1689061300994][main][info]["Quitting app"]
[24922][1689073182416][main][info]["Booting Postman 10.15.0, linux-6.4.1-zen2-1-zen on x64"]
[24922][1689073182420][main][info]["EventBus~initialize - Success"]
[24922][1689073182422][main][info]["Proxy configuration has not been setup"]
[24922][1689073182423][main][info]["CloudProxyManager~init - Success"]
[24922][1689073182451][main][info]["performShellDataMigration: Migration has already been done. Bailing out"]
[24922][1689073182460][main][info]["UpdateHandler~init - Success"]
[24922][1689073182461][main][info]["LeaderSelection: Initialized successfully"]
[24922][1689073182462][main][info]["VersionDependencyService: Initialized successfully"]
[24922][1689073182469][main][info]["LinuxAutoUpdater~Cleanup - Initial cleanup successful"]
[24922][1689073182481][main][info]["GPU detected VID 4098 DID 5708 ACTIVE true"]
[24922][1689073182508][main][info]["shellController~init: Success"]
[24922][1689073182516][main][info]["shellMeta~init: Success"]
[24922][1689073182516][main][info]["partitionMigrationService: State of V7 partition:"]
[24922][1689073182517][main][info]["partitionMigrationService: V7 partitions",[]]
[24922][1689073182517][main][info]["partitionMigrationService~rectifyNamespaceOfScratchPadPartition: There is no partition with scratchpad namespace"]
[24922][1689073182518][main][info]["partitionMigrationService~rectifyNamespaceOfScratchPadPartition: There is no transit partition which could have been used for scratchpad"]
[24922][1689073182518][main][info]["partitionMigrationService~init: Success"]
[24922][1689073182527][main][info]["partitionMigrationService~runV8PartitionsIntegrity: Two way migration~ removing the following partitions from v8",[]]
[24922][1689073182533][main][info]["userPartitionService~_rectifyTheActivePartitionOfApplication: Setting the active partition to ",null]
[24922][1689073182542][main][info]["userPartitionService~init: Success"]
[24922][1689073182560][main][info]["userPartitionService: State of v8 partition system:"]
[24922][1689073182563][main][info]["shell~init~getPartitionToLoad: loading scratchpad partition"]
[24922][1689073182565][main][info]["userPartitionService: List of partitions:",[{"partitionId":"24126871-87be-4e06-99ad-994af7910d02","namespace":"scratchPad","userId":0,"teamId":0,"isDirty":false}]]
[24922][1689073182565][main][info]["userPartitionService: users global meta:",{}]
[24922][1689073185076][main][info]["RuntimeIPCAgent~started: Success"]
[24922][1689073185271][main][info]["UpdateHandler~app-update-events - Received event",{"name":"checkForElectronVersionUpdated","namespace":"appUpdate"}]
[24922][1689073185280][main][info]["windowManager: First requester booted successfully."]
[24922][1689073185280][main][info]["windowManager~restoreWindows: Restoring requester windows"]
[24922][1689073185281][main][info]["Main~AppEvents - Received booted event for process requester.Version undefined UI Version: undefined Desktop Platform Version: 10.15.0"]
[24922][1689073848409][main][info]["WindowManager~closeHandler - Closed Window (id: 1 )"]
[24922][1689073848417][main][info]["Quitting app"]
