{"logTime": "0711/100529", "correlationVector":"bqSqA+E5CQiaulqPbpCHG8.0","action":"FeedSettingFetch_homeCloud", "result":"0", "context":{}}
{"logTime": "0711/100530", "correlationVector":"dvX7du0BfHH/Q6xq2GcIDj.1","action":"SyncServerConnectionManagerRequest", "result":"SYNC_SERVER_OK", "context":{"environment":"Prod_SoutheastAsia_000j", "migrationStage":"NotStarted", "server":"GENERAL0100000D"}}
{"logTime": "0711/100530", "correlationVector":"dvX7du0BfHH/Q6xq2GcIDj","action":"Initial GetUpdates", "result":"", "context":Reason: NEW_CLIENT. cV=dvX7du0BfHH/Q6xq2GcIDj}
{"logTime": "0711/100530", "correlationVector":"dvX7du0BfHH/Q6xq2GcIDj.2","action":"GetUpdates Response", "result":"SYNCER_OK", "context":Received 1 update(s). cV=dvX7du0BfHH/Q6xq2GcIDj.0;server=GENERAL0100000D;cloudType=Consumer;environment=Prod_SoutheastAsia_000j;migrationStage=NotStarted}
{"logTime": "0711/100530", "correlationVector":"b/Z/7UgM0/DzwXgIRR2Zyj","action":"SyncServerConnectionManagerRequest", "result":"SYNC_SERVER_OK", "context":{"environment":"", "migrationStage":"", "server":""}}
{"logTime": "0711/100530", "correlationVector":"73adfcEDUfa24FzeNLOfKV","action":"Initial GetUpdates", "result":"", "context":Reason: NEW_CLIENT. cV=73adfcEDUfa24FzeNLOfKV}
{"logTime": "0711/100532", "correlationVector":"73adfcEDUfa24FzeNLOfKV.1","action":"SyncServerConnectionManagerRequest", "result":"SYNC_SERVER_OK", "context":{"environment":"Prod_SoutheastAsia_000j", "migrationStage":"NotStarted", "server":"GENERAL0100000V"}}
{"logTime": "0711/100532", "correlationVector":"73adfcEDUfa24FzeNLOfKV.2","action":"GetUpdates Response", "result":"SYNCER_OK", "context":Received 44 update(s). cV=73adfcEDUfa24FzeNLOfKV.0;server=GENERAL0100000V;cloudType=Consumer;environment=Prod_SoutheastAsia_000j;migrationStage=NotStarted}
{"logTime": "0711/100532", "correlationVector":"ikk5zC6Lm3PV28VbSRpI66","action":"Initial GetUpdates", "result":"", "context":Reason: NEWLY_SUPPORTED_DATATYPE. cV=ikk5zC6Lm3PV28VbSRpI66}
{"logTime": "0711/100533", "correlationVector":"ikk5zC6Lm3PV28VbSRpI66.1","action":"SyncServerConnectionManagerRequest", "result":"SYNC_SERVER_OK", "context":{"environment":"Prod_SoutheastAsia_000j", "migrationStage":"NotStarted", "server":"GENERAL01000007"}}
{"logTime": "0711/100533", "correlationVector":"ikk5zC6Lm3PV28VbSRpI66.2","action":"GetUpdates Response", "result":"SYNCER_OK", "context":Received 62 update(s). cV=ikk5zC6Lm3PV28VbSRpI66.0;server=GENERAL01000007;cloudType=Consumer;environment=Prod_SoutheastAsia_000j;migrationStage=NotStarted}
{"logTime": "0711/100533", "correlationVector":"FcY/hSjfJlsLu+4qV8uYsj","action":"Initial GetUpdates", "result":"", "context":Reason: NEWLY_SUPPORTED_DATATYPE. cV=FcY/hSjfJlsLu+4qV8uYsj}
{"logTime": "0711/100535", "correlationVector":"FcY/hSjfJlsLu+4qV8uYsj.1","action":"SyncServerConnectionManagerRequest", "result":"SYNC_SERVER_OK", "context":{"environment":"Prod_SoutheastAsia_000j", "migrationStage":"NotStarted", "server":"GENERAL01000016"}}
{"logTime": "0711/100535", "correlationVector":"FcY/hSjfJlsLu+4qV8uYsj.2","action":"GetUpdates Response", "result":"SERVER_MORE_TO_DOWNLOAD", "context":Received 249 update(s).  Some updates remain.}
{"logTime": "0711/100535", "correlationVector":"MH52ooojPA9+ASyM/KdNiu","action":"Initial GetUpdates", "result":"", "context":Reason: NEWLY_SUPPORTED_DATATYPE. cV=MH52ooojPA9+ASyM/KdNiu}
{"logTime": "0711/100536", "correlationVector":"MH52ooojPA9+ASyM/KdNiu.1","action":"SyncServerConnectionManagerRequest", "result":"SYNC_SERVER_OK", "context":{"environment":"Prod_SoutheastAsia_000j", "migrationStage":"NotStarted", "server":"GENERAL01000007"}}
{"logTime": "0711/100536", "correlationVector":"MH52ooojPA9+ASyM/KdNiu.2","action":"GetUpdates Response", "result":"SERVER_MORE_TO_DOWNLOAD", "context":Received 250 update(s).  Some updates remain.}
{"logTime": "0711/100536", "correlationVector":"nrAdocRA2nGx1A5951QQgp","action":"Initial GetUpdates", "result":"", "context":Reason: NEWLY_SUPPORTED_DATATYPE. cV=nrAdocRA2nGx1A5951QQgp}
{"logTime": "0711/100536", "correlationVector":"nrAdocRA2nGx1A5951QQgp.1","action":"SyncServerConnectionManagerRequest", "result":"SYNC_SERVER_OK", "context":{"environment":"Prod_SoutheastAsia_000j", "migrationStage":"NotStarted", "server":"GENERAL0100000X"}}
{"logTime": "0711/100536", "correlationVector":"nrAdocRA2nGx1A5951QQgp.2","action":"GetUpdates Response", "result":"SERVER_MORE_TO_DOWNLOAD", "context":Received 250 update(s).  Some updates remain.}
{"logTime": "0711/100536", "correlationVector":"ilDt5DalEfWmLunxtaTr3i","action":"Initial GetUpdates", "result":"", "context":Reason: NEWLY_SUPPORTED_DATATYPE. cV=ilDt5DalEfWmLunxtaTr3i}
{"logTime": "0711/100537", "correlationVector":"ilDt5DalEfWmLunxtaTr3i.1","action":"SyncServerConnectionManagerRequest", "result":"SYNC_SERVER_OK", "context":{"environment":"Prod_SoutheastAsia_000j", "migrationStage":"NotStarted", "server":"GENERAL0100001I"}}
{"logTime": "0711/100537", "correlationVector":"ilDt5DalEfWmLunxtaTr3i.2","action":"GetUpdates Response", "result":"SYNCER_OK", "context":Received 228 update(s). cV=ilDt5DalEfWmLunxtaTr3i.0;server=GENERAL0100001I;cloudType=Consumer;environment=Prod_SoutheastAsia_000j;migrationStage=NotStarted}
{"logTime": "0711/100537", "correlationVector":"AkMyF/JFsy0MUIpBeze5La","action":"Normal GetUpdate request", "result":"", "context":cV=AkMyF/JFsy0MUIpBeze5La
Nudged types: Bookmarks, Preferences, Sessions, Device Info, User Consents, Encryption Keys
Refresh requested types: Bookmarks, Preferences, Passwords, Autofill Profiles, Autofill, Autofill Custom Data, Typed URLs, Extensions, Sessions, Extension settings, History Delete Directives, Device Info, User Consents, Send Tab To Self, Web Apps, Collection, Edge E Drop, Encryption Keys}
{"logTime": "0711/100539", "correlationVector":"AkMyF/JFsy0MUIpBeze5La.1","action":"SyncServerConnectionManagerRequest", "result":"SYNC_SERVER_OK", "context":{"environment":"Prod_SoutheastAsia_000j", "migrationStage":"NotStarted", "server":"general0100001G"}}
{"logTime": "0711/100539", "correlationVector":"AkMyF/JFsy0MUIpBeze5La.2","action":"GetUpdates Response", "result":"SYNCER_OK", "context":Received 0 update(s). cV=AkMyF/JFsy0MUIpBeze5La.0;server=general0100001G;cloudType=Consumer;environment=Prod_SoutheastAsia_000j;migrationStage=NotStarted}
{"logTime": "0711/100539", "correlationVector":"BtASQ6EnBUEgiVZjkJCN1r","action":"Commit Request", "result":"", "context":Item count: 1
Contributing types: Encryption Keys}
{"logTime": "0711/100539", "correlationVector":"BtASQ6EnBUEgiVZjkJCN1r.1","action":"SyncServerConnectionManagerRequest", "result":"SYNC_SERVER_OK", "context":{"environment":"Prod_SoutheastAsia_000j", "migrationStage":"NotStarted", "server":"GENERAL0100000A"}}
{"logTime": "0711/100539", "correlationVector":"BtASQ6EnBUEgiVZjkJCN1r.2","action":"Commit Response", "result":"SYNCER_OK", "context":Result: SYNCER_OK. cV=BtASQ6EnBUEgiVZjkJCN1r.0;server=GENERAL0100000A;cloudType=Consumer;environment=Prod_SoutheastAsia_000j;migrationStage=NotStarted}
{"logTime": "0711/100539", "correlationVector":"HPBmZUxLIWgCH15B2mjfrm","action":"Commit Request", "result":"", "context":Item count: 1
Contributing types: Device Info}
{"logTime": "0711/100540", "correlationVector":"HPBmZUxLIWgCH15B2mjfrm.1","action":"SyncServerConnectionManagerRequest", "result":"SYNC_SERVER_OK", "context":{"environment":"Prod_SoutheastAsia_000j", "migrationStage":"NotStarted", "server":"GENERAL01000019"}}
{"logTime": "0711/100540", "correlationVector":"HPBmZUxLIWgCH15B2mjfrm.2","action":"Commit Response", "result":"SYNCER_OK", "context":Result: SYNCER_OK. cV=HPBmZUxLIWgCH15B2mjfrm.0;server=GENERAL01000019;cloudType=Consumer;environment=Prod_SoutheastAsia_000j;migrationStage=NotStarted}
{"logTime": "0711/100540", "correlationVector":"0Vhx8vPIrRqqK4s7IJGPd2","action":"Commit Request", "result":"", "context":Item count: 20
Contributing types: Bookmarks, Preferences, Passwords}
{"logTime": "0711/100542", "correlationVector":"0Vhx8vPIrRqqK4s7IJGPd2.1","action":"SyncServerConnectionManagerRequest", "result":"SYNC_SERVER_OK", "context":{"environment":"Prod_SoutheastAsia_000j", "migrationStage":"NotStarted", "server":"GENERAL0100001E"}}
{"logTime": "0711/100542", "correlationVector":"0Vhx8vPIrRqqK4s7IJGPd2.2","action":"Commit Response", "result":"SYNCER_OK", "context":Result: SYNCER_OK. cV=0Vhx8vPIrRqqK4s7IJGPd2.0;server=GENERAL0100001E;cloudType=Consumer;environment=Prod_SoutheastAsia_000j;migrationStage=NotStarted}
{"logTime": "0711/100542", "correlationVector":"s37/HbAa8GAj2KjCk1d+DN","action":"Commit Request", "result":"", "context":Item count: 20
Contributing types: Passwords}
{"logTime": "0711/100543", "correlationVector":"s37/HbAa8GAj2KjCk1d+DN.1","action":"SyncServerConnectionManagerRequest", "result":"SYNC_SERVER_OK", "context":{"environment":"Prod_SoutheastAsia_000j", "migrationStage":"NotStarted", "server":"GENERAL0100001C"}}
{"logTime": "0711/100543", "correlationVector":"s37/HbAa8GAj2KjCk1d+DN.2","action":"Commit Response", "result":"SYNCER_OK", "context":Result: SYNCER_OK. cV=s37/HbAa8GAj2KjCk1d+DN.0;server=GENERAL0100001C;cloudType=Consumer;environment=Prod_SoutheastAsia_000j;migrationStage=NotStarted}
{"logTime": "0711/100543", "correlationVector":"gIkJuqu+XlhfYvXnosXm+V","action":"Commit Request", "result":"", "context":Item count: 20
Contributing types: Passwords}
{"logTime": "0711/100546", "correlationVector":"gIkJuqu+XlhfYvXnosXm+V.1","action":"SyncServerConnectionManagerRequest", "result":"SYNC_SERVER_OK", "context":{"environment":"Prod_SoutheastAsia_000j", "migrationStage":"NotStarted", "server":"general01000011"}}
{"logTime": "0711/100546", "correlationVector":"gIkJuqu+XlhfYvXnosXm+V.2","action":"Commit Response", "result":"SYNCER_OK", "context":Result: SYNCER_OK. cV=gIkJuqu+XlhfYvXnosXm+V.0;server=general01000011;cloudType=Consumer;environment=Prod_SoutheastAsia_000j;migrationStage=NotStarted}
{"logTime": "0711/100546", "correlationVector":"TNg4KoMARO2fksLfe/nM5H","action":"Commit Request", "result":"", "context":Item count: 20
Contributing types: Passwords}
{"logTime": "0711/100548", "correlationVector":"TNg4KoMARO2fksLfe/nM5H.1","action":"SyncServerConnectionManagerRequest", "result":"SYNC_SERVER_OK", "context":{"environment":"Prod_SoutheastAsia_000j", "migrationStage":"NotStarted", "server":"GENERAL0100001K"}}
{"logTime": "0711/100548", "correlationVector":"TNg4KoMARO2fksLfe/nM5H.2","action":"Commit Response", "result":"SYNCER_OK", "context":Result: SYNCER_OK. cV=TNg4KoMARO2fksLfe/nM5H.0;server=GENERAL0100001K;cloudType=Consumer;environment=Prod_SoutheastAsia_000j;migrationStage=NotStarted}
{"logTime": "0711/100548", "correlationVector":"V+cExiC9JTXq6KySEqYrZm","action":"Commit Request", "result":"", "context":Item count: 20
Contributing types: Passwords}
{"logTime": "0711/100549", "correlationVector":"V+cExiC9JTXq6KySEqYrZm.1","action":"SyncServerConnectionManagerRequest", "result":"SYNC_SERVER_OK", "context":{"environment":"Prod_SoutheastAsia_000j", "migrationStage":"NotStarted", "server":"GENERAL0100000W"}}
{"logTime": "0711/100549", "correlationVector":"V+cExiC9JTXq6KySEqYrZm.2","action":"Commit Response", "result":"SYNCER_OK", "context":Result: SYNCER_OK. cV=V+cExiC9JTXq6KySEqYrZm.0;server=GENERAL0100000W;cloudType=Consumer;environment=Prod_SoutheastAsia_000j;migrationStage=NotStarted}
{"logTime": "0711/100549", "correlationVector":"SKk/LgjPhNvHEcL0JCAZOr","action":"Commit Request", "result":"", "context":Item count: 20
Contributing types: Passwords}
{"logTime": "0711/100551", "correlationVector":"SKk/LgjPhNvHEcL0JCAZOr.1","action":"SyncServerConnectionManagerRequest", "result":"SYNC_SERVER_OK", "context":{"environment":"Prod_SoutheastAsia_000j", "migrationStage":"NotStarted", "server":"GENERAL0100000K"}}
{"logTime": "0711/100551", "correlationVector":"SKk/LgjPhNvHEcL0JCAZOr.2","action":"Commit Response", "result":"SYNCER_OK", "context":Result: SYNCER_OK. cV=SKk/LgjPhNvHEcL0JCAZOr.0;server=GENERAL0100000K;cloudType=Consumer;environment=Prod_SoutheastAsia_000j;migrationStage=NotStarted}
{"logTime": "0711/100551", "correlationVector":"8Odmbpa4AsLBYYQdcBahVi","action":"Commit Request", "result":"", "context":Item count: 20
Contributing types: Passwords}
{"logTime": "0711/100553", "correlationVector":"8Odmbpa4AsLBYYQdcBahVi.1","action":"SyncServerConnectionManagerRequest", "result":"SYNC_SERVER_OK", "context":{"environment":"Prod_SoutheastAsia_000j", "migrationStage":"NotStarted", "server":"GENERAL0100000Q"}}
{"logTime": "0711/100553", "correlationVector":"8Odmbpa4AsLBYYQdcBahVi.2","action":"Commit Response", "result":"SYNCER_OK", "context":Result: SYNCER_OK. cV=8Odmbpa4AsLBYYQdcBahVi.0;server=GENERAL0100000Q;cloudType=Consumer;environment=Prod_SoutheastAsia_000j;migrationStage=NotStarted}
{"logTime": "0711/100553", "correlationVector":"lgJkpdlYGuUXm85cfFCM7D","action":"Commit Request", "result":"", "context":Item count: 20
Contributing types: Passwords}
{"logTime": "0711/100554", "correlationVector":"lgJkpdlYGuUXm85cfFCM7D.1","action":"SyncServerConnectionManagerRequest", "result":"SYNC_SERVER_OK", "context":{"environment":"Prod_SoutheastAsia_000j", "migrationStage":"NotStarted", "server":"GENERAL0100001K"}}
{"logTime": "0711/100554", "correlationVector":"lgJkpdlYGuUXm85cfFCM7D.2","action":"Commit Response", "result":"SYNCER_OK", "context":Result: SYNCER_OK. cV=lgJkpdlYGuUXm85cfFCM7D.0;server=GENERAL0100001K;cloudType=Consumer;environment=Prod_SoutheastAsia_000j;migrationStage=NotStarted}
{"logTime": "0711/100554", "correlationVector":"bYbFYlSsvOtzX131TXh1OJ","action":"Commit Request", "result":"", "context":Item count: 20
Contributing types: Passwords}
{"logTime": "0711/100556", "correlationVector":"bYbFYlSsvOtzX131TXh1OJ.1","action":"SyncServerConnectionManagerRequest", "result":"SYNC_SERVER_OK", "context":{"environment":"Prod_SoutheastAsia_000j", "migrationStage":"NotStarted", "server":"GENERAL01000015"}}
{"logTime": "0711/100556", "correlationVector":"bYbFYlSsvOtzX131TXh1OJ.2","action":"Commit Response", "result":"SYNCER_OK", "context":Result: SYNCER_OK. cV=bYbFYlSsvOtzX131TXh1OJ.0;server=GENERAL01000015;cloudType=Consumer;environment=Prod_SoutheastAsia_000j;migrationStage=NotStarted}
{"logTime": "0711/100556", "correlationVector":"yZLZogijdLO3zyalOKRqmI","action":"Commit Request", "result":"", "context":Item count: 20
Contributing types: Passwords, Autofill Profiles}
{"logTime": "0711/100559", "correlationVector":"yZLZogijdLO3zyalOKRqmI.1","action":"SyncServerConnectionManagerRequest", "result":"SYNC_SERVER_OK", "context":{"environment":"Prod_SoutheastAsia_000j", "migrationStage":"NotStarted", "server":"GENERAL0100000T"}}
{"logTime": "0711/100559", "correlationVector":"yZLZogijdLO3zyalOKRqmI.2","action":"Commit Response", "result":"SYNCER_OK", "context":Result: SYNCER_OK. cV=yZLZogijdLO3zyalOKRqmI.0;server=GENERAL0100000T;cloudType=Consumer;environment=Prod_SoutheastAsia_000j;migrationStage=NotStarted}
{"logTime": "0711/100559", "correlationVector":"Coh5ljdjZKwLzUpGOCy6PT","action":"Commit Request", "result":"", "context":Item count: 20
Contributing types: Autofill Profiles}
{"logTime": "0711/100600", "correlationVector":"Coh5ljdjZKwLzUpGOCy6PT.1","action":"SyncServerConnectionManagerRequest", "result":"SYNC_SERVER_OK", "context":{"environment":"Prod_SoutheastAsia_000j", "migrationStage":"NotStarted", "server":"general0100000B"}}
{"logTime": "0711/100600", "correlationVector":"Coh5ljdjZKwLzUpGOCy6PT.2","action":"Commit Response", "result":"SYNCER_OK", "context":Result: SYNCER_OK. cV=Coh5ljdjZKwLzUpGOCy6PT.0;server=general0100000B;cloudType=Consumer;environment=Prod_SoutheastAsia_000j;migrationStage=NotStarted}
{"logTime": "0711/100601", "correlationVector":"dmTzC1kIOwP8rnyZl/V1Uq","action":"Commit Request", "result":"", "context":Item count: 20
Contributing types: Autofill}
{"logTime": "0711/100602", "correlationVector":"dmTzC1kIOwP8rnyZl/V1Uq.1","action":"SyncServerConnectionManagerRequest", "result":"SYNC_SERVER_OK", "context":{"environment":"Prod_SoutheastAsia_000j", "migrationStage":"NotStarted", "server":"GENERAL0100000C"}}
{"logTime": "0711/100602", "correlationVector":"dmTzC1kIOwP8rnyZl/V1Uq.2","action":"Commit Response", "result":"SYNCER_OK", "context":Result: SYNCER_OK. cV=dmTzC1kIOwP8rnyZl/V1Uq.0;server=GENERAL0100000C;cloudType=Consumer;environment=Prod_SoutheastAsia_000j;migrationStage=NotStarted}
{"logTime": "0711/100602", "correlationVector":"2ywn33hdyl4BBQZ1Oo6Nae","action":"Commit Request", "result":"", "context":Item count: 20
Contributing types: Autofill}
{"logTime": "0711/100605", "correlationVector":"2ywn33hdyl4BBQZ1Oo6Nae.1","action":"SyncServerConnectionManagerRequest", "result":"SYNC_SERVER_OK", "context":{"environment":"Prod_SoutheastAsia_000j", "migrationStage":"NotStarted", "server":"general01000011"}}
{"logTime": "0711/100605", "correlationVector":"2ywn33hdyl4BBQZ1Oo6Nae.2","action":"Commit Response", "result":"SYNCER_OK", "context":Result: SYNCER_OK. cV=2ywn33hdyl4BBQZ1Oo6Nae.0;server=general01000011;cloudType=Consumer;environment=Prod_SoutheastAsia_000j;migrationStage=NotStarted}
{"logTime": "0711/100605", "correlationVector":"X7nMczx2K2UiLnVybjbEjJ","action":"Commit Request", "result":"", "context":Item count: 20
Contributing types: Autofill}
{"logTime": "0711/100607", "correlationVector":"X7nMczx2K2UiLnVybjbEjJ.1","action":"SyncServerConnectionManagerRequest", "result":"SYNC_SERVER_OK", "context":{"environment":"Prod_SoutheastAsia_000j", "migrationStage":"NotStarted", "server":"GENERAL0100000L"}}
{"logTime": "0711/100607", "correlationVector":"X7nMczx2K2UiLnVybjbEjJ.2","action":"Commit Response", "result":"SYNCER_OK", "context":Result: SYNCER_OK. cV=X7nMczx2K2UiLnVybjbEjJ.0;server=GENERAL0100000L;cloudType=Consumer;environment=Prod_SoutheastAsia_000j;migrationStage=NotStarted}
{"logTime": "0711/100607", "correlationVector":"LWD0AwZbrZyRhE9qx1sDQx","action":"Commit Request", "result":"", "context":Item count: 20
Contributing types: Autofill}
{"logTime": "0711/100608", "correlationVector":"LWD0AwZbrZyRhE9qx1sDQx.1","action":"SyncServerConnectionManagerRequest", "result":"SYNC_SERVER_OK", "context":{"environment":"Prod_SoutheastAsia_000j", "migrationStage":"NotStarted", "server":"GENERAL0100000G"}}
{"logTime": "0711/100608", "correlationVector":"LWD0AwZbrZyRhE9qx1sDQx.2","action":"Commit Response", "result":"SYNCER_OK", "context":Result: SYNCER_OK. cV=LWD0AwZbrZyRhE9qx1sDQx.0;server=GENERAL0100000G;cloudType=Consumer;environment=Prod_SoutheastAsia_000j;migrationStage=NotStarted}
{"logTime": "0711/100608", "correlationVector":"bdhmaGqPhhwmjPzYu0KkOo","action":"Commit Request", "result":"", "context":Item count: 20
Contributing types: Autofill}
{"logTime": "0711/100609", "correlationVector":"bdhmaGqPhhwmjPzYu0KkOo.1","action":"SyncServerConnectionManagerRequest", "result":"SYNC_SERVER_OK", "context":{"environment":"Prod_SoutheastAsia_000j", "migrationStage":"NotStarted", "server":"general0100000F"}}
{"logTime": "0711/100609", "correlationVector":"bdhmaGqPhhwmjPzYu0KkOo.2","action":"Commit Response", "result":"SYNCER_OK", "context":Result: SYNCER_OK. cV=bdhmaGqPhhwmjPzYu0KkOo.0;server=general0100000F;cloudType=Consumer;environment=Prod_SoutheastAsia_000j;migrationStage=NotStarted}
{"logTime": "0711/100609", "correlationVector":"xqioAyTh2UqlkWdQPtWgcx","action":"Commit Request", "result":"", "context":Item count: 20
Contributing types: Autofill}
{"logTime": "0711/100611", "correlationVector":"xqioAyTh2UqlkWdQPtWgcx.1","action":"SyncServerConnectionManagerRequest", "result":"SYNC_SERVER_OK", "context":{"environment":"Prod_SoutheastAsia_000j", "migrationStage":"NotStarted", "server":"GENERAL0100001L"}}
{"logTime": "0711/100611", "correlationVector":"xqioAyTh2UqlkWdQPtWgcx.2","action":"Commit Response", "result":"SYNCER_OK", "context":Result: SYNCER_OK. cV=xqioAyTh2UqlkWdQPtWgcx.0;server=GENERAL0100001L;cloudType=Consumer;environment=Prod_SoutheastAsia_000j;migrationStage=NotStarted}
{"logTime": "0711/100611", "correlationVector":"AFIRcnvAWud2vaosxLYQ7C","action":"Commit Request", "result":"", "context":Item count: 20
Contributing types: Autofill}
{"logTime": "0711/100612", "correlationVector":"AFIRcnvAWud2vaosxLYQ7C.1","action":"SyncServerConnectionManagerRequest", "result":"SYNC_SERVER_OK", "context":{"environment":"Prod_SoutheastAsia_000j", "migrationStage":"NotStarted", "server":"GENERAL0100001D"}}
{"logTime": "0711/100612", "correlationVector":"AFIRcnvAWud2vaosxLYQ7C.2","action":"Commit Response", "result":"SYNCER_OK", "context":Result: SYNCER_OK. cV=AFIRcnvAWud2vaosxLYQ7C.0;server=GENERAL0100001D;cloudType=Consumer;environment=Prod_SoutheastAsia_000j;migrationStage=NotStarted}
{"logTime": "0711/100612", "correlationVector":"w02tkhnrzp0hyq5VUEH3aj","action":"Commit Request", "result":"", "context":Item count: 20
Contributing types: Autofill}
{"logTime": "0711/100613", "correlationVector":"w02tkhnrzp0hyq5VUEH3aj.1","action":"SyncServerConnectionManagerRequest", "result":"SYNC_SERVER_OK", "context":{"environment":"Prod_SoutheastAsia_000j", "migrationStage":"NotStarted", "server":"general01000009"}}
{"logTime": "0711/100613", "correlationVector":"w02tkhnrzp0hyq5VUEH3aj.2","action":"Commit Response", "result":"SYNCER_OK", "context":Result: SYNCER_OK. cV=w02tkhnrzp0hyq5VUEH3aj.0;server=general01000009;cloudType=Consumer;environment=Prod_SoutheastAsia_000j;migrationStage=NotStarted}
{"logTime": "0711/100613", "correlationVector":"pxAWWmwMovew9xdVD1KyCM","action":"Commit Request", "result":"", "context":Item count: 20
Contributing types: Autofill}
{"logTime": "0711/100615", "correlationVector":"pxAWWmwMovew9xdVD1KyCM.1","action":"SyncServerConnectionManagerRequest", "result":"SYNC_SERVER_OK", "context":{"environment":"Prod_SoutheastAsia_000j", "migrationStage":"NotStarted", "server":"GENERAL0100000T"}}
{"logTime": "0711/100615", "correlationVector":"pxAWWmwMovew9xdVD1KyCM.2","action":"Commit Response", "result":"SYNCER_OK", "context":Result: SYNCER_OK. cV=pxAWWmwMovew9xdVD1KyCM.0;server=GENERAL0100000T;cloudType=Consumer;environment=Prod_SoutheastAsia_000j;migrationStage=NotStarted}
{"logTime": "0711/100615", "correlationVector":"5osLagYxXJ+7aqSQzqzPWm","action":"Commit Request", "result":"", "context":Item count: 20
Contributing types: Bookmarks, Autofill}
{"logTime": "0711/100616", "correlationVector":"5osLagYxXJ+7aqSQzqzPWm.1","action":"SyncServerConnectionManagerRequest", "result":"SYNC_SERVER_OK", "context":{"environment":"Prod_SoutheastAsia_000j", "migrationStage":"NotStarted", "server":"GENERAL0100000O"}}
{"logTime": "0711/100616", "correlationVector":"5osLagYxXJ+7aqSQzqzPWm.2","action":"Commit Response", "result":"SYNCER_OK", "context":Result: SYNCER_OK. cV=5osLagYxXJ+7aqSQzqzPWm.0;server=GENERAL0100000O;cloudType=Consumer;environment=Prod_SoutheastAsia_000j;migrationStage=NotStarted}
{"logTime": "0711/100616", "correlationVector":"Zm23hV/4Z1nn0MC7m7TdfD","action":"Commit Request", "result":"", "context":Item count: 20
Contributing types: Autofill}
{"logTime": "0711/100618", "correlationVector":"Zm23hV/4Z1nn0MC7m7TdfD.1","action":"SyncServerConnectionManagerRequest", "result":"SYNC_SERVER_OK", "context":{"environment":"Prod_SoutheastAsia_000j", "migrationStage":"NotStarted", "server":"general01000009"}}
{"logTime": "0711/100618", "correlationVector":"Zm23hV/4Z1nn0MC7m7TdfD.2","action":"Commit Response", "result":"SYNCER_OK", "context":Result: SYNCER_OK. cV=Zm23hV/4Z1nn0MC7m7TdfD.0;server=general01000009;cloudType=Consumer;environment=Prod_SoutheastAsia_000j;migrationStage=NotStarted}
{"logTime": "0711/100618", "correlationVector":"3LSGEMLzR6a+4yjZMrqZpl","action":"Commit Request", "result":"", "context":Item count: 20
Contributing types: Autofill}
{"logTime": "0711/100619", "correlationVector":"3LSGEMLzR6a+4yjZMrqZpl.1","action":"SyncServerConnectionManagerRequest", "result":"SYNC_SERVER_OK", "context":{"environment":"Prod_SoutheastAsia_000j", "migrationStage":"NotStarted", "server":"GENERAL01000000"}}
{"logTime": "0711/100619", "correlationVector":"3LSGEMLzR6a+4yjZMrqZpl.2","action":"Commit Response", "result":"SYNCER_OK", "context":Result: SYNCER_OK. cV=3LSGEMLzR6a+4yjZMrqZpl.0;server=GENERAL01000000;cloudType=Consumer;environment=Prod_SoutheastAsia_000j;migrationStage=NotStarted}
{"logTime": "0711/100619", "correlationVector":"D+fCDPP8u6g6hJR5eP/Gc0","action":"Commit Request", "result":"", "context":Item count: 20
Contributing types: Autofill}
{"logTime": "0711/100620", "correlationVector":"D+fCDPP8u6g6hJR5eP/Gc0.1","action":"SyncServerConnectionManagerRequest", "result":"SYNC_SERVER_OK", "context":{"environment":"Prod_SoutheastAsia_000j", "migrationStage":"NotStarted", "server":"GENERAL0100000R"}}
{"logTime": "0711/100620", "correlationVector":"D+fCDPP8u6g6hJR5eP/Gc0.2","action":"Commit Response", "result":"SYNCER_OK", "context":Result: SYNCER_OK. cV=D+fCDPP8u6g6hJR5eP/Gc0.0;server=GENERAL0100000R;cloudType=Consumer;environment=Prod_SoutheastAsia_000j;migrationStage=NotStarted}
{"logTime": "0711/100620", "correlationVector":"mfUht0tLAnW3tT/PCgoaam","action":"Commit Request", "result":"", "context":Item count: 20
Contributing types: Autofill}
{"logTime": "0711/100622", "correlationVector":"mfUht0tLAnW3tT/PCgoaam.1","action":"SyncServerConnectionManagerRequest", "result":"SYNC_SERVER_OK", "context":{"environment":"Prod_SoutheastAsia_000j", "migrationStage":"NotStarted", "server":"GENERAL0100001C"}}
{"logTime": "0711/100622", "correlationVector":"mfUht0tLAnW3tT/PCgoaam.2","action":"Commit Response", "result":"SYNCER_OK", "context":Result: SYNCER_OK. cV=mfUht0tLAnW3tT/PCgoaam.0;server=GENERAL0100001C;cloudType=Consumer;environment=Prod_SoutheastAsia_000j;migrationStage=NotStarted}
{"logTime": "0711/100622", "correlationVector":"kuKuI/I29p4hpIGJMiYDpz","action":"Commit Request", "result":"", "context":Item count: 20
Contributing types: Autofill}
{"logTime": "0711/100623", "correlationVector":"kuKuI/I29p4hpIGJMiYDpz.1","action":"SyncServerConnectionManagerRequest", "result":"SYNC_SERVER_OK", "context":{"environment":"Prod_SoutheastAsia_000j", "migrationStage":"NotStarted", "server":"general0100000B"}}
{"logTime": "0711/100623", "correlationVector":"kuKuI/I29p4hpIGJMiYDpz.2","action":"Commit Response", "result":"SYNCER_OK", "context":Result: SYNCER_OK. cV=kuKuI/I29p4hpIGJMiYDpz.0;server=general0100000B;cloudType=Consumer;environment=Prod_SoutheastAsia_000j;migrationStage=NotStarted}
{"logTime": "0711/100623", "correlationVector":"DUNLmUvcvdfJc8QEgCPUnW","action":"Commit Request", "result":"", "context":Item count: 20
Contributing types: Autofill}
{"logTime": "0711/100624", "correlationVector":"DUNLmUvcvdfJc8QEgCPUnW.1","action":"SyncServerConnectionManagerRequest", "result":"SYNC_SERVER_OK", "context":{"environment":"Prod_SoutheastAsia_000j", "migrationStage":"NotStarted", "server":"GENERAL01000007"}}
{"logTime": "0711/100624", "correlationVector":"DUNLmUvcvdfJc8QEgCPUnW.2","action":"Commit Response", "result":"SYNCER_OK", "context":Result: SYNCER_OK. cV=DUNLmUvcvdfJc8QEgCPUnW.0;server=GENERAL01000007;cloudType=Consumer;environment=Prod_SoutheastAsia_000j;migrationStage=NotStarted}
{"logTime": "0711/100624", "correlationVector":"qocOfR0kp80LuBU10oGdRq","action":"Commit Request", "result":"", "context":Item count: 20
Contributing types: Autofill}
{"logTime": "0711/100625", "correlationVector":"qocOfR0kp80LuBU10oGdRq.1","action":"SyncServerConnectionManagerRequest", "result":"SYNC_SERVER_OK", "context":{"environment":"Prod_SoutheastAsia_000j", "migrationStage":"NotStarted", "server":"GENERAL01000010"}}
{"logTime": "0711/100625", "correlationVector":"qocOfR0kp80LuBU10oGdRq.2","action":"Commit Response", "result":"SYNCER_OK", "context":Result: SYNCER_OK. cV=qocOfR0kp80LuBU10oGdRq.0;server=GENERAL01000010;cloudType=Consumer;environment=Prod_SoutheastAsia_000j;migrationStage=NotStarted}
{"logTime": "0711/100625", "correlationVector":"weyiwt+TagJS7mug/nQHIj","action":"Commit Request", "result":"", "context":Item count: 20
Contributing types: Preferences, Autofill}
{"logTime": "0711/100627", "correlationVector":"weyiwt+TagJS7mug/nQHIj.1","action":"SyncServerConnectionManagerRequest", "result":"SYNC_SERVER_OK", "context":{"environment":"Prod_SoutheastAsia_000j", "migrationStage":"NotStarted", "server":"GENERAL0100000X"}}
{"logTime": "0711/100627", "correlationVector":"weyiwt+TagJS7mug/nQHIj.2","action":"Commit Response", "result":"SYNCER_OK", "context":Result: SYNCER_OK. cV=weyiwt+TagJS7mug/nQHIj.0;server=GENERAL0100000X;cloudType=Consumer;environment=Prod_SoutheastAsia_000j;migrationStage=NotStarted}
{"logTime": "0711/100627", "correlationVector":"3xY14VaHBol9DOJgDqJ6G9","action":"Commit Request", "result":"", "context":Item count: 20
Contributing types: Autofill}
{"logTime": "0711/100628", "correlationVector":"3xY14VaHBol9DOJgDqJ6G9.1","action":"SyncServerConnectionManagerRequest", "result":"SYNC_SERVER_OK", "context":{"environment":"Prod_SoutheastAsia_000j", "migrationStage":"NotStarted", "server":"GENERAL0100000C"}}
{"logTime": "0711/100628", "correlationVector":"3xY14VaHBol9DOJgDqJ6G9.2","action":"Commit Response", "result":"SYNCER_OK", "context":Result: SYNCER_OK. cV=3xY14VaHBol9DOJgDqJ6G9.0;server=GENERAL0100000C;cloudType=Consumer;environment=Prod_SoutheastAsia_000j;migrationStage=NotStarted}
{"logTime": "0711/100628", "correlationVector":"twDxWQIRx6ZhPQ9nRIOZty","action":"Commit Request", "result":"", "context":Item count: 20
Contributing types: Autofill}
{"logTime": "0711/100629", "correlationVector":"twDxWQIRx6ZhPQ9nRIOZty.1","action":"SyncServerConnectionManagerRequest", "result":"SYNC_SERVER_OK", "context":{"environment":"Prod_SoutheastAsia_000j", "migrationStage":"NotStarted", "server":"GENERAL0100001K"}}
{"logTime": "0711/100629", "correlationVector":"twDxWQIRx6ZhPQ9nRIOZty.2","action":"Commit Response", "result":"SYNCER_OK", "context":Result: SYNCER_OK. cV=twDxWQIRx6ZhPQ9nRIOZty.0;server=GENERAL0100001K;cloudType=Consumer;environment=Prod_SoutheastAsia_000j;migrationStage=NotStarted}
{"logTime": "0711/100629", "correlationVector":"Rpga+GaaOuGy0HbFKTtooo","action":"Commit Request", "result":"", "context":Item count: 20
Contributing types: Preferences, Autofill}
{"logTime": "0711/100630", "correlationVector":"Rpga+GaaOuGy0HbFKTtooo.1","action":"SyncServerConnectionManagerRequest", "result":"SYNC_SERVER_OK", "context":{"environment":"Prod_SoutheastAsia_000j", "migrationStage":"NotStarted", "server":"GENERAL0100000K"}}
{"logTime": "0711/100630", "correlationVector":"Rpga+GaaOuGy0HbFKTtooo.2","action":"Commit Response", "result":"SYNCER_OK", "context":Result: SYNCER_OK. cV=Rpga+GaaOuGy0HbFKTtooo.0;server=GENERAL0100000K;cloudType=Consumer;environment=Prod_SoutheastAsia_000j;migrationStage=NotStarted}
{"logTime": "0711/100630", "correlationVector":"9YrsA2NIqnWo5uhzbzgfQW","action":"Commit Request", "result":"", "context":Item count: 20
Contributing types: Autofill}
{"logTime": "0711/100632", "correlationVector":"9YrsA2NIqnWo5uhzbzgfQW.1","action":"SyncServerConnectionManagerRequest", "result":"SYNC_SERVER_OK", "context":{"environment":"Prod_SoutheastAsia_000j", "migrationStage":"NotStarted", "server":"GENERAL0100001C"}}
{"logTime": "0711/100632", "correlationVector":"9YrsA2NIqnWo5uhzbzgfQW.2","action":"Commit Response", "result":"SYNCER_OK", "context":Result: SYNCER_OK. cV=9YrsA2NIqnWo5uhzbzgfQW.0;server=GENERAL0100001C;cloudType=Consumer;environment=Prod_SoutheastAsia_000j;migrationStage=NotStarted}
{"logTime": "0711/100632", "correlationVector":"BMG9mU1Pu9CUbS8d+e4IYM","action":"Commit Request", "result":"", "context":Item count: 20
Contributing types: Preferences, Autofill}
{"logTime": "0711/100633", "correlationVector":"BMG9mU1Pu9CUbS8d+e4IYM.1","action":"SyncServerConnectionManagerRequest", "result":"SYNC_SERVER_OK", "context":{"environment":"Prod_SoutheastAsia_000j", "migrationStage":"NotStarted", "server":"GENERAL0100001I"}}
{"logTime": "0711/100633", "correlationVector":"BMG9mU1Pu9CUbS8d+e4IYM.2","action":"Commit Response", "result":"SYNCER_OK", "context":Result: SYNCER_OK. cV=BMG9mU1Pu9CUbS8d+e4IYM.0;server=GENERAL0100001I;cloudType=Consumer;environment=Prod_SoutheastAsia_000j;migrationStage=NotStarted}
{"logTime": "0711/100633", "correlationVector":"Meeqa7scqRbhJO/U9xl3PX","action":"Commit Request", "result":"", "context":Item count: 20
Contributing types: Autofill}
{"logTime": "0711/100635", "correlationVector":"Meeqa7scqRbhJO/U9xl3PX.1","action":"SyncServerConnectionManagerRequest", "result":"SYNC_SERVER_OK", "context":{"environment":"Prod_SoutheastAsia_000j", "migrationStage":"NotStarted", "server":"general01000012"}}
{"logTime": "0711/100635", "correlationVector":"Meeqa7scqRbhJO/U9xl3PX.2","action":"Commit Response", "result":"SYNCER_OK", "context":Result: SYNCER_OK. cV=Meeqa7scqRbhJO/U9xl3PX.0;server=general01000012;cloudType=Consumer;environment=Prod_SoutheastAsia_000j;migrationStage=NotStarted}
{"logTime": "0711/100635", "correlationVector":"cKBZ/UtSEeQGl2xhaQ9SkE","action":"Commit Request", "result":"", "context":Item count: 20
Contributing types: Preferences, Autofill}
{"logTime": "0711/100636", "correlationVector":"cKBZ/UtSEeQGl2xhaQ9SkE.1","action":"SyncServerConnectionManagerRequest", "result":"SYNC_SERVER_OK", "context":{"environment":"Prod_SoutheastAsia_000j", "migrationStage":"NotStarted", "server":"GENERAL0100000X"}}
{"logTime": "0711/100636", "correlationVector":"cKBZ/UtSEeQGl2xhaQ9SkE.2","action":"Commit Response", "result":"SYNCER_OK", "context":Result: SYNCER_OK. cV=cKBZ/UtSEeQGl2xhaQ9SkE.0;server=GENERAL0100000X;cloudType=Consumer;environment=Prod_SoutheastAsia_000j;migrationStage=NotStarted}
{"logTime": "0711/100636", "correlationVector":"CLROdkWFlVCee0yzEVGDxG","action":"Commit Request", "result":"", "context":Item count: 20
Contributing types: Autofill}
{"logTime": "0711/100637", "correlationVector":"CLROdkWFlVCee0yzEVGDxG.1","action":"SyncServerConnectionManagerRequest", "result":"SYNC_SERVER_OK", "context":{"environment":"Prod_SoutheastAsia_000j", "migrationStage":"NotStarted", "server":"GENERAL0100001E"}}
{"logTime": "0711/100637", "correlationVector":"CLROdkWFlVCee0yzEVGDxG.2","action":"Commit Response", "result":"SYNCER_OK", "context":Result: SYNCER_OK. cV=CLROdkWFlVCee0yzEVGDxG.0;server=GENERAL0100001E;cloudType=Consumer;environment=Prod_SoutheastAsia_000j;migrationStage=NotStarted}
{"logTime": "0711/100637", "correlationVector":"Q4Pk6CtV6/3szNbC0ikCjh","action":"Commit Request", "result":"", "context":Item count: 20
Contributing types: Autofill}
{"logTime": "0711/100639", "correlationVector":"Q4Pk6CtV6/3szNbC0ikCjh.1","action":"SyncServerConnectionManagerRequest", "result":"SYNC_SERVER_OK", "context":{"environment":"Prod_SoutheastAsia_000j", "migrationStage":"NotStarted", "server":"GENERAL0100000H"}}
{"logTime": "0711/100639", "correlationVector":"Q4Pk6CtV6/3szNbC0ikCjh.2","action":"Commit Response", "result":"SYNCER_OK", "context":Result: SYNCER_OK. cV=Q4Pk6CtV6/3szNbC0ikCjh.0;server=GENERAL0100000H;cloudType=Consumer;environment=Prod_SoutheastAsia_000j;migrationStage=NotStarted}
{"logTime": "0711/100639", "correlationVector":"yi+c08e0mP32fc060VHV4+","action":"Commit Request", "result":"", "context":Item count: 20
Contributing types: Preferences, Autofill}
{"logTime": "0711/100640", "correlationVector":"yi+c08e0mP32fc060VHV4+.1","action":"SyncServerConnectionManagerRequest", "result":"SYNC_SERVER_OK", "context":{"environment":"Prod_SoutheastAsia_000j", "migrationStage":"NotStarted", "server":"general0100000F"}}
{"logTime": "0711/100640", "correlationVector":"yi+c08e0mP32fc060VHV4+.2","action":"Commit Response", "result":"SYNCER_OK", "context":Result: SYNCER_OK. cV=yi+c08e0mP32fc060VHV4+.0;server=general0100000F;cloudType=Consumer;environment=Prod_SoutheastAsia_000j;migrationStage=NotStarted}
{"logTime": "0711/100640", "correlationVector":"dHZ3hFM/n75jIl2qOmJ/g7","action":"Commit Request", "result":"", "context":Item count: 20
Contributing types: Autofill}
{"logTime": "0711/100641", "correlationVector":"dHZ3hFM/n75jIl2qOmJ/g7.1","action":"SyncServerConnectionManagerRequest", "result":"SYNC_SERVER_OK", "context":{"environment":"Prod_SoutheastAsia_000j", "migrationStage":"NotStarted", "server":"GENERAL0100001J"}}
{"logTime": "0711/100641", "correlationVector":"dHZ3hFM/n75jIl2qOmJ/g7.2","action":"Commit Response", "result":"SYNCER_OK", "context":Result: SYNCER_OK. cV=dHZ3hFM/n75jIl2qOmJ/g7.0;server=GENERAL0100001J;cloudType=Consumer;environment=Prod_SoutheastAsia_000j;migrationStage=NotStarted}
{"logTime": "0711/100641", "correlationVector":"WNeVreb16J6Qq4T+r0n3b8","action":"Commit Request", "result":"", "context":Item count: 20
Contributing types: Autofill}
{"logTime": "0711/100642", "correlationVector":"WNeVreb16J6Qq4T+r0n3b8.1","action":"SyncServerConnectionManagerRequest", "result":"SYNC_SERVER_OK", "context":{"environment":"Prod_SoutheastAsia_000j", "migrationStage":"NotStarted", "server":"GENERAL0100001H"}}
{"logTime": "0711/100642", "correlationVector":"WNeVreb16J6Qq4T+r0n3b8.2","action":"Commit Response", "result":"SYNCER_OK", "context":Result: SYNCER_OK. cV=WNeVreb16J6Qq4T+r0n3b8.0;server=GENERAL0100001H;cloudType=Consumer;environment=Prod_SoutheastAsia_000j;migrationStage=NotStarted}
{"logTime": "0711/100642", "correlationVector":"X0wTwL6SLhm0l28lEOXGFh","action":"Commit Request", "result":"", "context":Item count: 20
Contributing types: Autofill}
{"logTime": "0711/100644", "correlationVector":"X0wTwL6SLhm0l28lEOXGFh.1","action":"SyncServerConnectionManagerRequest", "result":"SYNC_SERVER_OK", "context":{"environment":"Prod_SoutheastAsia_000j", "migrationStage":"NotStarted", "server":"GENERAL01000007"}}
{"logTime": "0711/100644", "correlationVector":"X0wTwL6SLhm0l28lEOXGFh.2","action":"Commit Response", "result":"SYNCER_OK", "context":Result: SYNCER_OK. cV=X0wTwL6SLhm0l28lEOXGFh.0;server=GENERAL01000007;cloudType=Consumer;environment=Prod_SoutheastAsia_000j;migrationStage=NotStarted}
{"logTime": "0711/100644", "correlationVector":"DFNCmVBWNHz3BEPWkByVSe","action":"Commit Request", "result":"", "context":Item count: 20
Contributing types: Autofill}
{"logTime": "0711/100645", "correlationVector":"DFNCmVBWNHz3BEPWkByVSe.1","action":"SyncServerConnectionManagerRequest", "result":"SYNC_SERVER_OK", "context":{"environment":"Prod_SoutheastAsia_000j", "migrationStage":"NotStarted", "server":"GENERAL0100001H"}}
{"logTime": "0711/100645", "correlationVector":"DFNCmVBWNHz3BEPWkByVSe.2","action":"Commit Response", "result":"SYNCER_OK", "context":Result: SYNCER_OK. cV=DFNCmVBWNHz3BEPWkByVSe.0;server=GENERAL0100001H;cloudType=Consumer;environment=Prod_SoutheastAsia_000j;migrationStage=NotStarted}
{"logTime": "0711/100645", "correlationVector":"n7RHEEAscHysFXQ3CBHI12","action":"Commit Request", "result":"", "context":Item count: 20
Contributing types: Autofill}
{"logTime": "0711/100647", "correlationVector":"n7RHEEAscHysFXQ3CBHI12.1","action":"SyncServerConnectionManagerRequest", "result":"SYNC_SERVER_OK", "context":{"environment":"Prod_SoutheastAsia_000j", "migrationStage":"NotStarted", "server":"GENERAL0100000S"}}
{"logTime": "0711/100647", "correlationVector":"n7RHEEAscHysFXQ3CBHI12.2","action":"Commit Response", "result":"SYNCER_OK", "context":Result: SYNCER_OK. cV=n7RHEEAscHysFXQ3CBHI12.0;server=GENERAL0100000S;cloudType=Consumer;environment=Prod_SoutheastAsia_000j;migrationStage=NotStarted}
{"logTime": "0711/100647", "correlationVector":"gFAN4o0XOpvYu6TOVyHA4c","action":"Commit Request", "result":"", "context":Item count: 20
Contributing types: Autofill}
{"logTime": "0711/100648", "correlationVector":"gFAN4o0XOpvYu6TOVyHA4c.1","action":"SyncServerConnectionManagerRequest", "result":"SYNC_SERVER_OK", "context":{"environment":"Prod_SoutheastAsia_000j", "migrationStage":"NotStarted", "server":"general0100000F"}}
{"logTime": "0711/100648", "correlationVector":"gFAN4o0XOpvYu6TOVyHA4c.2","action":"Commit Response", "result":"SYNCER_OK", "context":Result: SYNCER_OK. cV=gFAN4o0XOpvYu6TOVyHA4c.0;server=general0100000F;cloudType=Consumer;environment=Prod_SoutheastAsia_000j;migrationStage=NotStarted}
{"logTime": "0711/100648", "correlationVector":"8UyT9UlN5gYo4XAraZ01Yj","action":"Commit Request", "result":"", "context":Item count: 20
Contributing types: Autofill}
{"logTime": "0711/100650", "correlationVector":"8UyT9UlN5gYo4XAraZ01Yj.1","action":"SyncServerConnectionManagerRequest", "result":"SYNC_SERVER_OK", "context":{"environment":"Prod_SoutheastAsia_000j", "migrationStage":"NotStarted", "server":"general01000009"}}
{"logTime": "0711/100650", "correlationVector":"8UyT9UlN5gYo4XAraZ01Yj.2","action":"Commit Response", "result":"SYNCER_OK", "context":Result: SYNCER_OK. cV=8UyT9UlN5gYo4XAraZ01Yj.0;server=general01000009;cloudType=Consumer;environment=Prod_SoutheastAsia_000j;migrationStage=NotStarted}
{"logTime": "0711/100650", "correlationVector":"4TTU1WSqqcZ0pcu2xS3rxt","action":"Commit Request", "result":"", "context":Item count: 20
Contributing types: Autofill, Extensions}
{"logTime": "0711/100651", "correlationVector":"4TTU1WSqqcZ0pcu2xS3rxt.1","action":"SyncServerConnectionManagerRequest", "result":"SYNC_SERVER_OK", "context":{"environment":"Prod_SoutheastAsia_000j", "migrationStage":"NotStarted", "server":"GENERAL0100001J"}}
{"logTime": "0711/100651", "correlationVector":"4TTU1WSqqcZ0pcu2xS3rxt.3","action":"Commit.Extensions", "result":"Success", "context":{"id":"a9f8d574-5011-4f67-b0e0-7c4d6b82b1c8", "isDeleted":"true", "size":"0", "version":"1668241698058"}}
{"logTime": "0711/100651", "correlationVector":"4TTU1WSqqcZ0pcu2xS3rxt.2","action":"Commit Response", "result":"SYNCER_OK", "context":Result: SYNCER_OK. cV=4TTU1WSqqcZ0pcu2xS3rxt.0;server=GENERAL0100001J;cloudType=Consumer;environment=Prod_SoutheastAsia_000j;migrationStage=NotStarted}
{"logTime": "0711/100651", "correlationVector":"snUtU2R6DejjnQRvZMehNA","action":"Commit Request", "result":"", "context":Item count: 20
Contributing types: Extensions, Sessions, Extension settings}
{"logTime": "0711/100653", "correlationVector":"snUtU2R6DejjnQRvZMehNA.1","action":"SyncServerConnectionManagerRequest", "result":"SYNC_SERVER_OK", "context":{"environment":"Prod_SoutheastAsia_000j", "migrationStage":"NotStarted", "server":"GENERAL0100000W"}}
{"logTime": "0711/100653", "correlationVector":"snUtU2R6DejjnQRvZMehNA.3","action":"Commit.Extensions", "result":"Success", "context":{"id":"12861ab6-28e8-4e54-9882-9b3b9133b205", "isDeleted":"true", "size":"0", "version":"1654005630804"}}
{"logTime": "0711/100653", "correlationVector":"snUtU2R6DejjnQRvZMehNA.4","action":"Commit.Extension settings", "result":"Success", "context":{"id":"0490e487-1442-47ad-a657-396e87aa2abb", "isDeleted":"true", "size":"0", "version":"1661600152189"}}
{"logTime": "0711/100653", "correlationVector":"snUtU2R6DejjnQRvZMehNA.5","action":"Commit.Extension settings", "result":"Success", "context":{"id":"c504b786-943f-4494-bda2-4b2d7d4ffc76", "isDeleted":"true", "size":"0", "version":"1666020157536"}}
{"logTime": "0711/100653", "correlationVector":"snUtU2R6DejjnQRvZMehNA.2","action":"Commit Response", "result":"SYNCER_OK", "context":Result: SYNCER_OK. cV=snUtU2R6DejjnQRvZMehNA.0;server=GENERAL0100000W;cloudType=Consumer;environment=Prod_SoutheastAsia_000j;migrationStage=NotStarted}
{"logTime": "0711/100653", "correlationVector":"snUtU2R6DejjnQRvZMehNA.6","action":"Commit.Extension settings", "result":"Success", "context":{"id":"e646d717-089e-45a4-bf3f-299c42bb882f", "isDeleted":"true", "size":"0", "version":"1660804610927"}}
{"logTime": "0711/100653", "correlationVector":"snUtU2R6DejjnQRvZMehNA.7","action":"Commit.Extension settings", "result":"Success", "context":{"id":"696c8fc7-a80d-446a-9184-9acf87da42b5", "isDeleted":"true", "size":"0", "version":"1657971853215"}}
{"logTime": "0711/100653", "correlationVector":"snUtU2R6DejjnQRvZMehNA.8","action":"Commit.Extension settings", "result":"Success", "context":{"id":"69840b74-5fa8-4ebb-a4a3-2f2956f8adc1", "isDeleted":"true", "size":"0", "version":"1656243913023"}}
{"logTime": "0711/100653", "correlationVector":"snUtU2R6DejjnQRvZMehNA.9","action":"Commit.Extension settings", "result":"Success", "context":{"id":"93d9cdcf-1033-49f1-8393-70d1e1c4fcba", "isDeleted":"true", "size":"0", "version":"1656243913023"}}
{"logTime": "0711/100653", "correlationVector":"snUtU2R6DejjnQRvZMehNA.10","action":"Commit.Extension settings", "result":"Success", "context":{"id":"46463ba5-d4a0-4c44-93af-2b1ce9b536a7", "isDeleted":"true", "size":"0", "version":"1656243913023"}}
{"logTime": "0711/100653", "correlationVector":"snUtU2R6DejjnQRvZMehNA.11","action":"Commit.Extension settings", "result":"Success", "context":{"id":"9f43673e-85df-432c-a3d9-15a125fedcee", "isDeleted":"true", "size":"0", "version":"1656243913023"}}
{"logTime": "0711/100653", "correlationVector":"snUtU2R6DejjnQRvZMehNA.12","action":"Commit.Extension settings", "result":"Success", "context":{"id":"fa8c259b-9457-45f1-8c15-0687a63a404a", "isDeleted":"true", "size":"0", "version":"1656243913023"}}
{"logTime": "0711/100653", "correlationVector":"snUtU2R6DejjnQRvZMehNA.13","action":"Commit.Extension settings", "result":"Success", "context":{"id":"6dd03b45-0329-4eeb-bd95-54061d59532b", "isDeleted":"true", "size":"0", "version":"1654165788632"}}
{"logTime": "0711/100653", "correlationVector":"Eqdr0ABKdqlheLNtzqSHYP","action":"Commit Request", "result":"", "context":Item count: 20
Contributing types: Extension settings, User Consents, Web Apps, Collection}
{"logTime": "0711/100654", "correlationVector":"Eqdr0ABKdqlheLNtzqSHYP.1","action":"SyncServerConnectionManagerRequest", "result":"SYNC_SERVER_OK", "context":{"environment":"Prod_SoutheastAsia_000j", "migrationStage":"NotStarted", "server":"general0100001F"}}
{"logTime": "0711/100654", "correlationVector":"Eqdr0ABKdqlheLNtzqSHYP.3","action":"Commit.Extension settings", "result":"Success", "context":{"id":"50661c4b-3d8f-4530-b738-d8c46fe115d0", "isDeleted":"true", "size":"0", "version":"1656243913023"}}
{"logTime": "0711/100654", "correlationVector":"Eqdr0ABKdqlheLNtzqSHYP.4","action":"Commit.Extension settings", "result":"Success", "context":{"id":"94fd00ae-2ffb-4c64-a9c5-37b22dbc7f89", "isDeleted":"true", "size":"0", "version":"1656243913023"}}
{"logTime": "0711/100654", "correlationVector":"Eqdr0ABKdqlheLNtzqSHYP.5","action":"Commit.Extension settings", "result":"Success", "context":{"id":"ad22ce33-5056-4830-9514-7b0576223934", "isDeleted":"true", "size":"0", "version":"1656243913023"}}
{"logTime": "0711/100654", "correlationVector":"Eqdr0ABKdqlheLNtzqSHYP.6","action":"Commit.Extension settings", "result":"Success", "context":{"id":"704ed644-046e-44bd-917a-41408371e0ee", "isDeleted":"true", "size":"0", "version":"1656243913023"}}
{"logTime": "0711/100654", "correlationVector":"Eqdr0ABKdqlheLNtzqSHYP.2","action":"Commit Response", "result":"SYNCER_OK", "context":Result: SYNCER_OK. cV=Eqdr0ABKdqlheLNtzqSHYP.0;server=general0100001F;cloudType=Consumer;environment=Prod_SoutheastAsia_000j;migrationStage=NotStarted}
{"logTime": "0711/100654", "correlationVector":"Eqdr0ABKdqlheLNtzqSHYP.7","action":"Commit.Extension settings", "result":"Success", "context":{"id":"1bd5cbd4-9ff2-40a4-8936-44aae09a495c", "isDeleted":"true", "size":"0", "version":"1666958861094"}}
{"logTime": "0711/100654", "correlationVector":"Eqdr0ABKdqlheLNtzqSHYP.8","action":"Commit.Extension settings", "result":"Success", "context":{"id":"3c92cbcc-310b-4063-961b-091937c11b63", "isDeleted":"true", "size":"0", "version":"1656244150818"}}
{"logTime": "0711/100654", "correlationVector":"Eqdr0ABKdqlheLNtzqSHYP.9","action":"Commit.Extension settings", "result":"Success", "context":{"id":"a1887ec6-1d91-4f9e-97b5-056fc42aae93", "isDeleted":"true", "size":"0", "version":"1657548684254"}}
{"logTime": "0711/100654", "correlationVector":"Eqdr0ABKdqlheLNtzqSHYP.10","action":"Commit.Extension settings", "result":"Success", "context":{"id":"67c85cec-0b79-46b2-b335-d5b8d2f8ef63", "isDeleted":"true", "size":"0", "version":"1656243913023"}}
{"logTime": "0711/100654", "correlationVector":"Eqdr0ABKdqlheLNtzqSHYP.11","action":"Commit.Extension settings", "result":"Success", "context":{"id":"392341fa-69fc-4b0f-8483-99a54c535ef5", "isDeleted":"true", "size":"0", "version":"1656243913023"}}
{"logTime": "0711/100654", "correlationVector":"Eqdr0ABKdqlheLNtzqSHYP.12","action":"Commit.Extension settings", "result":"Success", "context":{"id":"38d09836-607b-494a-b90d-44d3211ac038", "isDeleted":"true", "size":"0", "version":"1656243913023"}}
{"logTime": "0711/100654", "correlationVector":"Eqdr0ABKdqlheLNtzqSHYP.13","action":"Commit.Extension settings", "result":"Success", "context":{"id":"21f169cd-a4a6-4821-8320-321dc742b5ad", "isDeleted":"true", "size":"0", "version":"1656243913023"}}
{"logTime": "0711/100654", "correlationVector":"Eqdr0ABKdqlheLNtzqSHYP.14","action":"Commit.Extension settings", "result":"Success", "context":{"id":"1549efa9-4c14-413e-85a1-e552f8ff33e3", "isDeleted":"true", "size":"0", "version":"1656243913023"}}
{"logTime": "0711/100654", "correlationVector":"Eqdr0ABKdqlheLNtzqSHYP.15","action":"Commit.Extension settings", "result":"Success", "context":{"id":"4a4eace7-7221-4192-bdbd-6f89d391cf06", "isDeleted":"true", "size":"0", "version":"1660804609041"}}
{"logTime": "0711/100747", "correlationVector":"sBMUi4p8wVLpoL1BKRpZzM","action":"Commit Request", "result":"", "context":Item count: 4
Contributing types: Sessions}
{"logTime": "0711/100747", "correlationVector":"sBMUi4p8wVLpoL1BKRpZzM.1","action":"SyncServerConnectionManagerRequest", "result":"SYNC_SERVER_OK", "context":{"environment":"Prod_SoutheastAsia_000j", "migrationStage":"NotStarted", "server":"GENERAL0100000R"}}
{"logTime": "0711/100747", "correlationVector":"sBMUi4p8wVLpoL1BKRpZzM.3","action":"Commit.Sessions", "result":"Success", "context":{"id":"eeeec1a1-ffe1-4b7e-8aa4-d6b6f5fc83e8", "isDeleted":"true", "size":"0", "version":"1689070011918"}}
{"logTime": "0711/100747", "correlationVector":"sBMUi4p8wVLpoL1BKRpZzM.4","action":"Commit.Sessions", "result":"Success", "context":{"id":"a1665c92-b5c3-4d99-8f8c-7209d8c173a6", "isDeleted":"true", "size":"0", "version":"1689070011919"}}
{"logTime": "0711/100747", "correlationVector":"sBMUi4p8wVLpoL1BKRpZzM.5","action":"Commit.Sessions", "result":"Success", "context":{"id":"63a175e6-4b30-41ae-8e64-0cafcee71ce3", "isDeleted":"true", "size":"0", "version":"1689070011921"}}
{"logTime": "0711/100747", "correlationVector":"sBMUi4p8wVLpoL1BKRpZzM.2","action":"Commit Response", "result":"SYNCER_OK", "context":Result: SYNCER_OK. cV=sBMUi4p8wVLpoL1BKRpZzM.0;server=GENERAL0100000R;cloudType=Consumer;environment=Prod_SoutheastAsia_000j;migrationStage=NotStarted}
{"logTime": "0711/101053", "correlationVector":"i9C5zMgPRa6kqt+ZOZDoBK","action":"Commit Request", "result":"", "context":Item count: 1
Contributing types: Preferences}
{"logTime": "0711/101053", "correlationVector":"i9C5zMgPRa6kqt+ZOZDoBK.1","action":"SyncServerConnectionManagerRequest", "result":"SYNC_SERVER_OK", "context":{"environment":"Prod_SoutheastAsia_000j", "migrationStage":"NotStarted", "server":"general0100000I"}}
{"logTime": "0711/101053", "correlationVector":"i9C5zMgPRa6kqt+ZOZDoBK.2","action":"Commit Response", "result":"SYNCER_OK", "context":Result: SYNCER_OK. cV=i9C5zMgPRa6kqt+ZOZDoBK.0;server=general0100000I;cloudType=Consumer;environment=Prod_SoutheastAsia_000j;migrationStage=NotStarted}
{"logTime": "0711/101059", "correlationVector":"ZUvA7w9O5n7SNvP8WOEai0","action":"Commit Request", "result":"", "context":Item count: 1
Contributing types: Preferences}
{"logTime": "0711/101059", "correlationVector":"ZUvA7w9O5n7SNvP8WOEai0.1","action":"SyncServerConnectionManagerRequest", "result":"SYNC_SERVER_OK", "context":{"environment":"Prod_SoutheastAsia_000j", "migrationStage":"NotStarted", "server":"GENERAL01000001"}}
{"logTime": "0711/101059", "correlationVector":"ZUvA7w9O5n7SNvP8WOEai0.2","action":"Commit Response", "result":"SYNCER_OK", "context":Result: SYNCER_OK. cV=ZUvA7w9O5n7SNvP8WOEai0.0;server=GENERAL01000001;cloudType=Consumer;environment=Prod_SoutheastAsia_000j;migrationStage=NotStarted}
{"logTime": "0711/101111", "correlationVector":"cJMJCNebj/gYkjQvGgRsuC","action":"Commit Request", "result":"", "context":Item count: 1
Contributing types: Preferences}
{"logTime": "0711/101112", "correlationVector":"cJMJCNebj/gYkjQvGgRsuC.1","action":"SyncServerConnectionManagerRequest", "result":"SYNC_SERVER_OK", "context":{"environment":"Prod_SoutheastAsia_000j", "migrationStage":"NotStarted", "server":"GENERAL01000000"}}
{"logTime": "0711/101112", "correlationVector":"cJMJCNebj/gYkjQvGgRsuC.2","action":"Commit Response", "result":"SYNCER_OK", "context":Result: SYNCER_OK. cV=cJMJCNebj/gYkjQvGgRsuC.0;server=GENERAL01000000;cloudType=Consumer;environment=Prod_SoutheastAsia_000j;migrationStage=NotStarted}
{"logTime": "0711/101237", "correlationVector":"A2kBxc8hNjyK4HihZ2GzKD","action":"Commit Request", "result":"", "context":Item count: 1
Contributing types: Preferences}
{"logTime": "0711/101238", "correlationVector":"A2kBxc8hNjyK4HihZ2GzKD.1","action":"SyncServerConnectionManagerRequest", "result":"SYNC_SERVER_OK", "context":{"environment":"Prod_SoutheastAsia_000j", "migrationStage":"NotStarted", "server":"general0100000F"}}
{"logTime": "0711/101238", "correlationVector":"A2kBxc8hNjyK4HihZ2GzKD.2","action":"Commit Response", "result":"SYNCER_OK", "context":Result: SYNCER_OK. cV=A2kBxc8hNjyK4HihZ2GzKD.0;server=general0100000F;cloudType=Consumer;environment=Prod_SoutheastAsia_000j;migrationStage=NotStarted}
{"logTime": "0711/105925", "correlationVector":"rzawk1rLKElE5SLXJfJ0dQ.0","action":"FeedSettingFetch_homeCloud", "result":"0", "context":{}}
{"logTime": "0711/105925", "correlationVector":"5yl7Eh+ULqSOpqFV9BEQqS","action":"Initial GetUpdates", "result":"", "context":Reason: NEWLY_SUPPORTED_DATATYPE. cV=5yl7Eh+ULqSOpqFV9BEQqS}
{"logTime": "0711/105925", "correlationVector":"5yl7Eh+ULqSOpqFV9BEQqS.1","action":"SyncServerConnectionManagerRequest", "result":"SYNC_SERVER_OK", "context":{"environment":"Prod_SoutheastAsia_000j", "migrationStage":"NotStarted", "server":"GENERAL0100000O"}}
{"logTime": "0711/105925", "correlationVector":"5yl7Eh+ULqSOpqFV9BEQqS.2","action":"GetUpdates Response", "result":"SYNCER_OK", "context":Received 1 update(s). cV=5yl7Eh+ULqSOpqFV9BEQqS.0;server=GENERAL0100000O;cloudType=Consumer;environment=Prod_SoutheastAsia_000j;migrationStage=NotStarted}
{"logTime": "0711/105925", "correlationVector":"ipU6OGSklLBwRnLwNbtkR7","action":"Normal GetUpdate request", "result":"", "context":cV=ipU6OGSklLBwRnLwNbtkR7
Nudged types: Sessions, User Consents
Refresh requested types: Bookmarks, Preferences, Passwords, Autofill Profiles, Autofill, Autofill Custom Data, Typed URLs, Extensions, Sessions, Extension settings, History Delete Directives, Device Info, User Consents, Send Tab To Self, Web Apps, Collection, Edge E Drop, Encryption Keys}
{"logTime": "0711/105925", "correlationVector":"ipU6OGSklLBwRnLwNbtkR7.1","action":"SyncServerConnectionManagerRequest", "result":"SYNC_SERVER_OK", "context":{"environment":"Prod_SoutheastAsia_000j", "migrationStage":"NotStarted", "server":"general01000012"}}
{"logTime": "0711/105925", "correlationVector":"ipU6OGSklLBwRnLwNbtkR7.2","action":"GetUpdates Response", "result":"SERVER_MORE_TO_DOWNLOAD", "context":Received 249 update(s).  Some updates remain.}
{"logTime": "0711/105925", "correlationVector":"JeSZJqLsLztr+9P9FsPOIp","action":"Normal GetUpdate request", "result":"", "context":cV=JeSZJqLsLztr+9P9FsPOIp
Nudged types: Sessions, User Consents
Refresh requested types: Bookmarks, Preferences, Passwords, Autofill Profiles, Autofill, Autofill Custom Data, Typed URLs, Extensions, Sessions, Extension settings, History Delete Directives, Device Info, User Consents, Send Tab To Self, Web Apps, Collection, Edge E Drop, Encryption Keys}
{"logTime": "0711/105925", "correlationVector":"JeSZJqLsLztr+9P9FsPOIp.1","action":"SyncServerConnectionManagerRequest", "result":"SYNC_SERVER_OK", "context":{"environment":"Prod_SoutheastAsia_000j", "migrationStage":"NotStarted", "server":"GENERAL0100001H"}}
{"logTime": "0711/105925", "correlationVector":"JeSZJqLsLztr+9P9FsPOIp.2","action":"GetUpdates Response", "result":"SERVER_MORE_TO_DOWNLOAD", "context":Received 250 update(s).  Some updates remain.}
{"logTime": "0711/105925", "correlationVector":"foVHOXpH4kBGl2xdpBuSYp","action":"Normal GetUpdate request", "result":"", "context":cV=foVHOXpH4kBGl2xdpBuSYp
Nudged types: Sessions, User Consents
Refresh requested types: Bookmarks, Preferences, Passwords, Autofill Profiles, Autofill, Autofill Custom Data, Typed URLs, Extensions, Sessions, Extension settings, History Delete Directives, Device Info, User Consents, Send Tab To Self, Web Apps, Collection, Edge E Drop, Encryption Keys}
{"logTime": "0711/105926", "correlationVector":"foVHOXpH4kBGl2xdpBuSYp.1","action":"SyncServerConnectionManagerRequest", "result":"SYNC_SERVER_OK", "context":{"environment":"Prod_SoutheastAsia_000j", "migrationStage":"NotStarted", "server":"GENERAL01000015"}}
{"logTime": "0711/105926", "correlationVector":"foVHOXpH4kBGl2xdpBuSYp.2","action":"GetUpdates Response", "result":"SERVER_MORE_TO_DOWNLOAD", "context":Received 250 update(s).  Some updates remain.}
{"logTime": "0711/105926", "correlationVector":"Gqx0CJABw16MFc0YGz4ru3","action":"Normal GetUpdate request", "result":"", "context":cV=Gqx0CJABw16MFc0YGz4ru3
Nudged types: Sessions, User Consents
Refresh requested types: Bookmarks, Preferences, Passwords, Autofill Profiles, Autofill, Autofill Custom Data, Typed URLs, Extensions, Sessions, Extension settings, History Delete Directives, Device Info, User Consents, Send Tab To Self, Web Apps, Collection, Edge E Drop, Encryption Keys}
{"logTime": "0711/105927", "correlationVector":"Gqx0CJABw16MFc0YGz4ru3.1","action":"SyncServerConnectionManagerRequest", "result":"SYNC_SERVER_OK", "context":{"environment":"Prod_SoutheastAsia_000j", "migrationStage":"NotStarted", "server":"general01000009"}}
{"logTime": "0711/105927", "correlationVector":"Gqx0CJABw16MFc0YGz4ru3.2","action":"GetUpdates", "result":"DeleteReceived", "context":{"id":"a9f8d574-5011-4f67-b0e0-7c4d6b82b1c8", "isDeleted:":"true", "version":"1689070010556"}}
{"logTime": "0711/105927", "correlationVector":"Gqx0CJABw16MFc0YGz4ru3.3","action":"GetUpdates", "result":"DeleteReceived", "context":{"id":"12861ab6-28e8-4e54-9882-9b3b9133b205", "isDeleted:":"true", "version":"1689070011916"}}
{"logTime": "0711/105927", "correlationVector":"Gqx0CJABw16MFc0YGz4ru3.4","action":"GetUpdates", "result":"DeleteReceived", "context":{"id":"eeeec1a1-ffe1-4b7e-8aa4-d6b6f5fc83e8", "isDeleted:":"true", "version":"1689070067403"}}
{"logTime": "0711/105927", "correlationVector":"Gqx0CJABw16MFc0YGz4ru3.5","action":"GetUpdates", "result":"DeleteReceived", "context":{"id":"a1665c92-b5c3-4d99-8f8c-7209d8c173a6", "isDeleted:":"true", "version":"1689070067404"}}
{"logTime": "0711/105927", "correlationVector":"Gqx0CJABw16MFc0YGz4ru3.6","action":"GetUpdates", "result":"DeleteReceived", "context":{"id":"63a175e6-4b30-41ae-8e64-0cafcee71ce3", "isDeleted:":"true", "version":"1689070067406"}}
{"logTime": "0711/105927", "correlationVector":"Gqx0CJABw16MFc0YGz4ru3.7","action":"GetUpdates", "result":"DeleteReceived", "context":{"id":"0490e487-1442-47ad-a657-396e87aa2abb", "isDeleted:":"true", "version":"1689070011923"}}
{"logTime": "0711/105927", "correlationVector":"Gqx0CJABw16MFc0YGz4ru3.8","action":"GetUpdates", "result":"DeleteReceived", "context":{"id":"c504b786-943f-4494-bda2-4b2d7d4ffc76", "isDeleted:":"true", "version":"1689070011924"}}
{"logTime": "0711/105927", "correlationVector":"Gqx0CJABw16MFc0YGz4ru3.9","action":"GetUpdates", "result":"DeleteReceived", "context":{"id":"e646d717-089e-45a4-bf3f-299c42bb882f", "isDeleted:":"true", "version":"1689070011926"}}
{"logTime": "0711/105927", "correlationVector":"Gqx0CJABw16MFc0YGz4ru3.10","action":"GetUpdates", "result":"DeleteReceived", "context":{"id":"696c8fc7-a80d-446a-9184-9acf87da42b5", "isDeleted:":"true", "version":"1689070011927"}}
{"logTime": "0711/105927", "correlationVector":"Gqx0CJABw16MFc0YGz4ru3.11","action":"GetUpdates", "result":"DeleteReceived", "context":{"id":"69840b74-5fa8-4ebb-a4a3-2f2956f8adc1", "isDeleted:":"true", "version":"1689070011928"}}
{"logTime": "0711/105927", "correlationVector":"Gqx0CJABw16MFc0YGz4ru3.12","action":"GetUpdates", "result":"DeleteReceived", "context":{"id":"93d9cdcf-1033-49f1-8393-70d1e1c4fcba", "isDeleted:":"true", "version":"1689070011929"}}
{"logTime": "0711/105927", "correlationVector":"Gqx0CJABw16MFc0YGz4ru3.13","action":"GetUpdates", "result":"DeleteReceived", "context":{"id":"46463ba5-d4a0-4c44-93af-2b1ce9b536a7", "isDeleted:":"true", "version":"1689070011930"}}
{"logTime": "0711/105927", "correlationVector":"Gqx0CJABw16MFc0YGz4ru3.14","action":"GetUpdates", "result":"DeleteReceived", "context":{"id":"9f43673e-85df-432c-a3d9-15a125fedcee", "isDeleted:":"true", "version":"1689070011931"}}
{"logTime": "0711/105927", "correlationVector":"Gqx0CJABw16MFc0YGz4ru3.15","action":"GetUpdates", "result":"DeleteReceived", "context":{"id":"fa8c259b-9457-45f1-8c15-0687a63a404a", "isDeleted:":"true", "version":"1689070011934"}}
{"logTime": "0711/105927", "correlationVector":"Gqx0CJABw16MFc0YGz4ru3.16","action":"GetUpdates", "result":"DeleteReceived", "context":{"id":"6dd03b45-0329-4eeb-bd95-54061d59532b", "isDeleted:":"true", "version":"1689070011935"}}
{"logTime": "0711/105927", "correlationVector":"Gqx0CJABw16MFc0YGz4ru3.17","action":"GetUpdates", "result":"DeleteReceived", "context":{"id":"50661c4b-3d8f-4530-b738-d8c46fe115d0", "isDeleted:":"true", "version":"1689070013858"}}
{"logTime": "0711/105927", "correlationVector":"Gqx0CJABw16MFc0YGz4ru3.18","action":"GetUpdates", "result":"DeleteReceived", "context":{"id":"94fd00ae-2ffb-4c64-a9c5-37b22dbc7f89", "isDeleted:":"true", "version":"1689070013859"}}
{"logTime": "0711/105927", "correlationVector":"Gqx0CJABw16MFc0YGz4ru3.19","action":"GetUpdates", "result":"DeleteReceived", "context":{"id":"ad22ce33-5056-4830-9514-7b0576223934", "isDeleted:":"true", "version":"1689070013860"}}
{"logTime": "0711/105927", "correlationVector":"Gqx0CJABw16MFc0YGz4ru3.20","action":"GetUpdates", "result":"DeleteReceived", "context":{"id":"704ed644-046e-44bd-917a-41408371e0ee", "isDeleted:":"true", "version":"1689070013861"}}
{"logTime": "0711/105927", "correlationVector":"Gqx0CJABw16MFc0YGz4ru3.21","action":"GetUpdates", "result":"DeleteReceived", "context":{"id":"1bd5cbd4-9ff2-40a4-8936-44aae09a495c", "isDeleted:":"true", "version":"1689070013862"}}
{"logTime": "0711/105927", "correlationVector":"Gqx0CJABw16MFc0YGz4ru3.22","action":"GetUpdates", "result":"DeleteReceived", "context":{"id":"3c92cbcc-310b-4063-961b-091937c11b63", "isDeleted:":"true", "version":"1689070013863"}}
{"logTime": "0711/105927", "correlationVector":"Gqx0CJABw16MFc0YGz4ru3.23","action":"GetUpdates", "result":"DeleteReceived", "context":{"id":"a1887ec6-1d91-4f9e-97b5-056fc42aae93", "isDeleted:":"true", "version":"1689070013864"}}
{"logTime": "0711/105927", "correlationVector":"Gqx0CJABw16MFc0YGz4ru3.24","action":"GetUpdates", "result":"DeleteReceived", "context":{"id":"67c85cec-0b79-46b2-b335-d5b8d2f8ef63", "isDeleted:":"true", "version":"1689070013865"}}
{"logTime": "0711/105927", "correlationVector":"Gqx0CJABw16MFc0YGz4ru3.25","action":"GetUpdates", "result":"DeleteReceived", "context":{"id":"392341fa-69fc-4b0f-8483-99a54c535ef5", "isDeleted:":"true", "version":"1689070013866"}}
{"logTime": "0711/105927", "correlationVector":"Gqx0CJABw16MFc0YGz4ru3.26","action":"GetUpdates", "result":"DeleteReceived", "context":{"id":"38d09836-607b-494a-b90d-44d3211ac038", "isDeleted:":"true", "version":"1689070013867"}}
{"logTime": "0711/105927", "correlationVector":"Gqx0CJABw16MFc0YGz4ru3.27","action":"GetUpdates", "result":"DeleteReceived", "context":{"id":"21f169cd-a4a6-4821-8320-321dc742b5ad", "isDeleted:":"true", "version":"1689070013868"}}
{"logTime": "0711/105927", "correlationVector":"Gqx0CJABw16MFc0YGz4ru3.28","action":"GetUpdates", "result":"DeleteReceived", "context":{"id":"1549efa9-4c14-413e-85a1-e552f8ff33e3", "isDeleted:":"true", "version":"1689070013869"}}
{"logTime": "0711/105927", "correlationVector":"Gqx0CJABw16MFc0YGz4ru3.29","action":"GetUpdates", "result":"DeleteReceived", "context":{"id":"4a4eace7-7221-4192-bdbd-6f89d391cf06", "isDeleted:":"true", "version":"1689070013870"}}
{"logTime": "0711/105927", "correlationVector":"Gqx0CJABw16MFc0YGz4ru3.30","action":"GetUpdates Response", "result":"SYNCER_OK", "context":Received 228 update(s). cV=Gqx0CJABw16MFc0YGz4ru3.0;server=general01000009;cloudType=Consumer;environment=Prod_SoutheastAsia_000j;migrationStage=NotStarted}
{"logTime": "0711/105927", "correlationVector":"Lw84lsynIvB1yeD3AgrIMo","action":"Commit Request", "result":"", "context":Item count: 5
Contributing types: Preferences, Sessions, User Consents}
{"logTime": "0711/105927", "correlationVector":"Lw84lsynIvB1yeD3AgrIMo.1","action":"SyncServerConnectionManagerRequest", "result":"SYNC_SERVER_OK", "context":{"environment":"Prod_SoutheastAsia_000j", "migrationStage":"NotStarted", "server":"GENERAL01000018"}}
{"logTime": "0711/105927", "correlationVector":"Lw84lsynIvB1yeD3AgrIMo.3","action":"Commit.Sessions", "result":"Success", "context":{"id":"54fb1fec-8d84-4f37-beb8-f2f65b119107", "isDeleted":"true", "size":"0", "version":"1689070067405"}}
{"logTime": "0711/105927", "correlationVector":"Lw84lsynIvB1yeD3AgrIMo.2","action":"Commit Response", "result":"SYNCER_OK", "context":Result: SYNCER_OK. cV=Lw84lsynIvB1yeD3AgrIMo.0;server=GENERAL01000018;cloudType=Consumer;environment=Prod_SoutheastAsia_000j;migrationStage=NotStarted}
{"logTime": "0711/105939", "correlationVector":"AAXn7n4bQ3BddO7HspAWfN","action":"Commit Request", "result":"", "context":Item count: 1
Contributing types: Preferences}
{"logTime": "0711/105940", "correlationVector":"AAXn7n4bQ3BddO7HspAWfN","action":"SyncServerConnectionManagerRequest", "result":"CONNECTION_UNAVAILABLE", "context":{"error_type":"net_error_code", "error_value":"-3"}}
