2023-06-18 21:34:23.398 [info] Extension host with pid 47428 started
2023-06-18 21:34:23.497 [info] ExtensionService#_doActivateExtension vscode.git-base, startup: true, activationEvent: '*', root cause: vscode.git
2023-06-18 21:34:23.539 [info] ExtensionService#_doActivateExtension vscode.git, startup: true, activationEvent: '*'
2023-06-18 21:34:23.609 [info] ExtensionService#_doActivateExtension vscode.github, startup: true, activationEvent: '*'
2023-06-18 21:34:23.673 [info] Eager extensions activated
2023-06-18 21:34:23.829 [info] ExtensionService#_doActivateExtension vscode.github-authentication, startup: false, activationEvent: 'onAuthenticationRequest:github'
2023-06-18 21:34:23.868 [info] ExtensionService#_doActivateExtension vscode.debug-auto-launch, startup: false, activationEvent: 'onStartupFinished'
2023-06-18 21:34:23.870 [info] ExtensionService#_doActivateExtension vscode.merge-conflict, startup: false, activationEvent: 'onStartupFinished'
2023-06-18 21:34:23.942 [info] ExtensionService#_doActivateExtension vscode.microsoft-authentication, startup: false, activationEvent: 'onAuthenticationRequest:microsoft'
2023-06-18 21:34:53.741 [info] ExtensionService#_doActivateExtension vscode.json-language-features, startup: false, activationEvent: 'onLanguage:jsonc'
2023-06-18 21:34:53.809 [info] ExtensionService#_doActivateExtension vscode.typescript-language-features, startup: false, activationEvent: 'onLanguage:jsonc'
2023-06-18 21:34:53.844 [info] ExtensionService#_doActivateExtension vscode.emmet, startup: false, activationEvent: 'onLanguage'
2023-06-18 21:35:10.351 [info] Extension host terminating: renderer closed the MessagePort
2023-06-18 21:35:10.374 [info] Extension host with pid 47428 exiting with code 0
2023-06-18 21:35:11.220 [info] Extension host with pid 47828 started
2023-06-18 21:35:11.220 [info] Skipping acquiring lock for /home/vin/.config/Code/User/workspaceStorage/4de36a2686598d9f9a9a178f6de7324a.
2023-06-18 21:35:11.254 [info] ExtensionService#_doActivateExtension vscode.git-base, startup: true, activationEvent: '*'
2023-06-18 21:35:11.257 [info] ExtensionService#_doActivateExtension vscode.npm, startup: true, activationEvent: 'workspaceContains:package.json'
2023-06-18 21:35:11.299 [info] ExtensionService#_doActivateExtension vscode.github, startup: true, activationEvent: '*'
2023-06-18 21:35:11.387 [info] Eager extensions activated
2023-06-18 21:35:11.390 [info] ExtensionService#_doActivateExtension vscode.debug-auto-launch, startup: false, activationEvent: 'onStartupFinished'
2023-06-18 21:35:11.392 [info] ExtensionService#_doActivateExtension vscode.merge-conflict, startup: false, activationEvent: 'onStartupFinished'
2023-06-18 21:35:11.549 [info] ExtensionService#_doActivateExtension vscode.github-authentication, startup: false, activationEvent: 'onAuthenticationRequest:github'
2023-06-18 21:35:11.605 [info] ExtensionService#_doActivateExtension vscode.microsoft-authentication, startup: false, activationEvent: 'onAuthenticationRequest:microsoft'
2023-06-18 21:35:15.852 [info] ExtensionService#_doActivateExtension vscode.git, startup: false, activationEvent: 'api', root cause: vscode.github
2023-06-18 21:35:27.203 [info] ExtensionService#_doActivateExtension vscode.emmet, startup: false, activationEvent: 'onLanguage'
2023-06-18 21:35:30.617 [info] ExtensionService#_doActivateExtension vscode.typescript-language-features, startup: false, activationEvent: 'onLanguage:javascript'
2023-06-18 21:35:31.111 [info] ExtensionService#_doActivateExtension vscode.extension-editing, startup: false, activationEvent: 'onLanguage:json'
2023-06-18 21:35:31.127 [info] ExtensionService#_doActivateExtension vscode.json-language-features, startup: false, activationEvent: 'onLanguage:json'
2023-06-18 21:36:35.181 [info] Extension host terminating: renderer closed the MessagePort
2023-06-18 21:36:35.206 [error] Canceled: Canceled
	at new l (/opt/visual-studio-code/resources/app/out/vs/workbench/api/node/extensionHostProcess.js:99:105905)
	at s.O (/opt/visual-studio-code/resources/app/out/vs/workbench/api/node/extensionHostProcess.js:111:11754)
	at $.<computed>.j.charCodeAt.$.<computed> (/opt/visual-studio-code/resources/app/out/vs/workbench/api/node/extensionHostProcess.js:111:9029)
	at e.ExtHostCommands.g (/opt/visual-studio-code/resources/app/out/vs/workbench/api/node/extensionHostProcess.js:99:130078)
	at e.ExtHostCommands.executeCommand (/opt/visual-studio-code/resources/app/out/vs/workbench/api/node/extensionHostProcess.js:99:129454)
	at k.registerCommand.description (/opt/visual-studio-code/resources/app/out/vs/workbench/api/node/extensionHostProcess.js:99:128747)
	at e.ExtHostCommands.h (/opt/visual-studio-code/resources/app/out/vs/workbench/api/node/extensionHostProcess.js:99:130664)
	at e.ExtHostCommands.g (/opt/visual-studio-code/resources/app/out/vs/workbench/api/node/extensionHostProcess.js:99:129554)
	at e.ExtHostCommands.executeCommand (/opt/visual-studio-code/resources/app/out/vs/workbench/api/node/extensionHostProcess.js:99:129454)
	at Object.executeCommand (/opt/visual-studio-code/resources/app/out/vs/workbench/api/node/extensionHostProcess.js:117:24230)
	at D (/opt/visual-studio-code/resources/app/extensions/git/dist/main.js:2:1261288)
	at b.invoke (/opt/visual-studio-code/resources/app/out/vs/workbench/api/node/extensionHostProcess.js:63:145)
	at d.deliver (/opt/visual-studio-code/resources/app/out/vs/workbench/api/node/extensionHostProcess.js:63:2121)
	at n.fire (/opt/visual-studio-code/resources/app/out/vs/workbench/api/node/extensionHostProcess.js:63:1729)
	at Object.m [as dispose] (/opt/visual-studio-code/resources/app/extensions/git/dist/main.js:2:1276121)
	at /opt/visual-studio-code/resources/app/extensions/git/dist/main.js:2:1280622
	at Array.forEach (<anonymous>)
	at g.dispose (/opt/visual-studio-code/resources/app/extensions/git/dist/main.js:2:1280608)
	at r.<anonymous> (/opt/visual-studio-code/resources/app/out/vs/workbench/api/node/extensionHostProcess.js:97:12552)
	at r.dispose (/opt/visual-studio-code/resources/app/out/vs/workbench/api/node/extensionHostProcess.js:97:12687)
	at r.<anonymous> (/opt/visual-studio-code/resources/app/extensions/git/dist/main.js:2:1263418)
	at r.dispose (/opt/visual-studio-code/resources/app/out/vs/workbench/api/node/extensionHostProcess.js:97:12687)
	at I (/opt/visual-studio-code/resources/app/out/vs/workbench/api/node/extensionHostProcess.js:10:12083)
	at n.Z (/opt/visual-studio-code/resources/app/out/vs/workbench/api/node/extensionHostProcess.js:113:11285)
	at /opt/visual-studio-code/resources/app/out/vs/workbench/api/node/extensionHostProcess.js:113:9187
	at Array.map (<anonymous>)
	at n.S (/opt/visual-studio-code/resources/app/out/vs/workbench/api/node/extensionHostProcess.js:113:9175)
	at n.terminate (/opt/visual-studio-code/resources/app/out/vs/workbench/api/node/extensionHostProcess.js:113:9445)
	at h.terminate (/opt/visual-studio-code/resources/app/out/vs/workbench/api/node/extensionHostProcess.js:117:1544)
	at p (/opt/visual-studio-code/resources/app/out/vs/workbench/api/node/extensionHostProcess.js:127:34497)
	at MessagePortMain.<anonymous> (/opt/visual-studio-code/resources/app/out/vs/workbench/api/node/extensionHostProcess.js:127:30636)
	at MessagePortMain.emit (node:events:513:28)
	at MessagePortMain._internalPort.emit (node:electron/js2c/utility_init:2:367) setContext undefined
2023-06-18 21:36:35.207 [error] Canceled: Canceled
	at new l (/opt/visual-studio-code/resources/app/out/vs/workbench/api/node/extensionHostProcess.js:99:105905)
	at s.O (/opt/visual-studio-code/resources/app/out/vs/workbench/api/node/extensionHostProcess.js:111:11754)
	at $.<computed>.j.charCodeAt.$.<computed> (/opt/visual-studio-code/resources/app/out/vs/workbench/api/node/extensionHostProcess.js:111:9029)
	at e.ExtHostCommands.g (/opt/visual-studio-code/resources/app/out/vs/workbench/api/node/extensionHostProcess.js:99:130078)
	at e.ExtHostCommands.executeCommand (/opt/visual-studio-code/resources/app/out/vs/workbench/api/node/extensionHostProcess.js:99:129454)
	at k.registerCommand.description (/opt/visual-studio-code/resources/app/out/vs/workbench/api/node/extensionHostProcess.js:99:128747)
	at e.ExtHostCommands.h (/opt/visual-studio-code/resources/app/out/vs/workbench/api/node/extensionHostProcess.js:99:130664)
	at e.ExtHostCommands.g (/opt/visual-studio-code/resources/app/out/vs/workbench/api/node/extensionHostProcess.js:99:129554)
	at e.ExtHostCommands.executeCommand (/opt/visual-studio-code/resources/app/out/vs/workbench/api/node/extensionHostProcess.js:99:129454)
	at Object.executeCommand (/opt/visual-studio-code/resources/app/out/vs/workbench/api/node/extensionHostProcess.js:117:24230)
	at set b [as b] (/opt/visual-studio-code/resources/app/extensions/github/dist/extension.js:2:152873)
	at /opt/visual-studio-code/resources/app/extensions/github/dist/extension.js:2:153583
	at /opt/visual-studio-code/resources/app/extensions/git/dist/main.js:2:1348881
	at b.invoke (/opt/visual-studio-code/resources/app/out/vs/workbench/api/node/extensionHostProcess.js:63:145)
	at d.deliver (/opt/visual-studio-code/resources/app/out/vs/workbench/api/node/extensionHostProcess.js:63:2121)
	at n.fire (/opt/visual-studio-code/resources/app/out/vs/workbench/api/node/extensionHostProcess.js:63:1729)
	at Object.m [as dispose] (/opt/visual-studio-code/resources/app/extensions/git/dist/main.js:2:1276121)
	at /opt/visual-studio-code/resources/app/extensions/git/dist/main.js:2:1280622
	at Array.forEach (<anonymous>)
	at g.dispose (/opt/visual-studio-code/resources/app/extensions/git/dist/main.js:2:1280608)
	at r.<anonymous> (/opt/visual-studio-code/resources/app/out/vs/workbench/api/node/extensionHostProcess.js:97:12552)
	at r.dispose (/opt/visual-studio-code/resources/app/out/vs/workbench/api/node/extensionHostProcess.js:97:12687)
	at r.<anonymous> (/opt/visual-studio-code/resources/app/extensions/git/dist/main.js:2:1263418)
	at r.dispose (/opt/visual-studio-code/resources/app/out/vs/workbench/api/node/extensionHostProcess.js:97:12687)
	at I (/opt/visual-studio-code/resources/app/out/vs/workbench/api/node/extensionHostProcess.js:10:12083)
	at n.Z (/opt/visual-studio-code/resources/app/out/vs/workbench/api/node/extensionHostProcess.js:113:11285)
	at /opt/visual-studio-code/resources/app/out/vs/workbench/api/node/extensionHostProcess.js:113:9187
	at Array.map (<anonymous>)
	at n.S (/opt/visual-studio-code/resources/app/out/vs/workbench/api/node/extensionHostProcess.js:113:9175)
	at n.terminate (/opt/visual-studio-code/resources/app/out/vs/workbench/api/node/extensionHostProcess.js:113:9445)
	at h.terminate (/opt/visual-studio-code/resources/app/out/vs/workbench/api/node/extensionHostProcess.js:117:1544)
	at p (/opt/visual-studio-code/resources/app/out/vs/workbench/api/node/extensionHostProcess.js:127:34497)
	at MessagePortMain.<anonymous> (/opt/visual-studio-code/resources/app/out/vs/workbench/api/node/extensionHostProcess.js:127:30636)
	at MessagePortMain.emit (node:events:513:28)
	at MessagePortMain._internalPort.emit (node:electron/js2c/utility_init:2:367) setContext undefined
2023-06-18 21:36:35.217 [info] Extension host with pid 47828 exiting with code 0
